Log file open, 02/03/22 23:07:54
LogWindows: Failed to load 'aqProf.dll' (GetLastError=126)
LogWindows: File 'aqProf.dll' does not exist
LogWindows: Failed to load 'VtuneApi.dll' (GetLastError=126)
LogWindows: File 'VtuneApi.dll' does not exist
LogWindows: Failed to load 'VtuneApi32e.dll' (GetLastError=126)
LogWindows: File 'VtuneApi32e.dll' does not exist
LogConsoleResponse: Display: Failed to find resolution value strings in scalability ini. Falling back to default.
LogConsoleResponse: Display: Failed to find resolution value strings in scalability ini. Falling back to default.
LogInit: Display: Running engine for game: MT_Rythm
LogPlatformFile: Not using cached read wrapper
LogTaskGraph: Started task graph with 5 named threads and 47 total threads with 3 sets of task threads.
LogStats: Stats thread started at 0.551367
LogICUInternationalization: ICU TimeZone Detection - Raw Offset: -7:00, Platform Override: ''
LogInit: Display: Loading text-based GConfig....
LogPluginManager: Mounting plugin MeshPainting
LogPluginManager: Mounting plugin XGEController
LogPluginManager: Mounting plugin CameraShakePreviewer
LogPluginManager: Mounting plugin AISupport
LogPluginManager: Mounting plugin Paper2D
LogPluginManager: Mounting plugin GameplayCameras
LogPluginManager: Mounting plugin EnvironmentQueryEditor
LogPluginManager: Mounting plugin LightPropagationVolume
LogPluginManager: Mounting plugin Niagara
LogPluginManager: Mounting plugin OodleData
LogPluginManager: Mounting plugin OodleNetwork
LogPluginManager: Mounting plugin DatasmithContent
LogPluginManager: Mounting plugin VariantManagerContent
LogPluginManager: Mounting plugin AssetManagerEditor
LogPluginManager: Mounting plugin LuminPlatformFeatures
LogPluginManager: Mounting plugin LiveLink
LogPluginManager: Mounting plugin MagicLeap
LogPluginManager: Mounting plugin CurveEditorTools
LogPluginManager: Mounting plugin FacialAnimation
LogPluginManager: Mounting plugin CryptoKeys
LogPluginManager: Mounting plugin DataValidation
LogPluginManager: Mounting plugin GameplayTagsEditor
LogPluginManager: Mounting plugin MacGraphicsSwitching
LogPluginManager: Mounting plugin GeometryMode
LogPluginManager: Mounting plugin MagicLeapLightEstimation
LogPluginManager: Mounting plugin MagicLeapMedia
LogPluginManager: Mounting plugin MaterialAnalyzer
LogPluginManager: Mounting plugin MobileLauncherProfileWizard
LogPluginManager: Mounting plugin PluginBrowser
LogPluginManager: Mounting plugin MagicLeapPassableWorld
LogPluginManager: Mounting plugin SpeedTreeImporter
LogPluginManager: Mounting plugin MLSDK
LogPluginManager: Mounting plugin AnimationSharing
LogPluginManager: Mounting plugin KDevelopSourceCodeAccess
LogPluginManager: Mounting plugin CLionSourceCodeAccess
LogPluginManager: Mounting plugin PixWinPlugin
LogPluginManager: Mounting plugin CodeLiteSourceCodeAccess
LogPluginManager: Mounting plugin GitSourceControl
LogPluginManager: Mounting plugin PluginUtils
LogPluginManager: Mounting plugin PropertyAccessNode
LogPluginManager: Mounting plugin PerforceSourceControl
LogPluginManager: Mounting plugin UObjectPlugin
LogPluginManager: Mounting plugin NullSourceCodeAccess
LogPluginManager: Mounting plugin PlasticSourceControl
LogPluginManager: Mounting plugin VisualStudioCodeSourceCodeAccess
LogPluginManager: Mounting plugin XCodeSourceCodeAccess
LogPluginManager: Mounting plugin VisualStudioSourceCodeAccess
LogPluginManager: Mounting plugin RiderSourceCodeAccess
LogPluginManager: Mounting plugin TextureFormatOodle
LogPluginManager: Mounting plugin TcpMessaging
LogPluginManager: Mounting plugin UdpMessaging
LogPluginManager: Mounting plugin SubversionSourceControl
LogPluginManager: Mounting plugin AndroidMedia
LogPluginManager: Mounting plugin AvfMedia
LogPluginManager: Mounting plugin MediaCompositing
LogPluginManager: Mounting plugin ImgMedia
LogPluginManager: Mounting plugin WebMMedia
LogPluginManager: Mounting plugin MediaPlayerEditor
LogPluginManager: Mounting plugin LauncherChunkInstaller
LogPluginManager: Mounting plugin WmfMedia
LogPluginManager: Mounting plugin ActorSequence
LogPluginManager: Mounting plugin MatineeToLevelSequence
LogPluginManager: Mounting plugin LevelSequenceEditor
LogPluginManager: Mounting plugin TemplateSequence
LogPluginManager: Mounting plugin BackChannel
LogPluginManager: Mounting plugin AlembicImporter
LogPluginManager: Mounting plugin OnlineSubsystem
LogPluginManager: Mounting plugin AutomationUtils
LogPluginManager: Mounting plugin OnlineSubsystemNull
LogPluginManager: Mounting plugin ChaosCloth
LogPluginManager: Mounting plugin OnlineSubsystemUtils
LogPluginManager: Mounting plugin ChaosEditor
LogPluginManager: Mounting plugin ChaosClothEditor
LogPluginManager: Mounting plugin ChaosSolverPlugin
LogPluginManager: Mounting plugin CharacterAI
LogPluginManager: Mounting plugin ChaosNiagara
LogPluginManager: Mounting plugin GeometryCache
LogPluginManager: Mounting plugin GeometryCollectionPlugin
LogPluginManager: Mounting plugin ScreenshotTools
LogPluginManager: Mounting plugin GeometryProcessing
LogPluginManager: Mounting plugin MotoSynth
LogPluginManager: Mounting plugin OpenImageDenoise
LogPluginManager: Mounting plugin ProxyLODPlugin
LogPluginManager: Mounting plugin PlanarCut
LogPluginManager: Mounting plugin PythonScriptPlugin
LogPluginManager: Mounting plugin PlatformCrypto
LogPluginManager: Mounting plugin SkeletalReduction
LogPluginManager: Mounting plugin ActorLayerUtilities
LogPluginManager: Mounting plugin Takes
LogPluginManager: Mounting plugin AndroidDeviceProfileSelector
LogPluginManager: Mounting plugin AndroidMoviePlayer
LogPluginManager: Mounting plugin AppleImageUtils
LogPluginManager: Mounting plugin AndroidPermission
LogPluginManager: Mounting plugin AudioCapture
LogPluginManager: Mounting plugin AppleMoviePlayer
LogPluginManager: Mounting plugin ArchVisCharacter
LogPluginManager: Mounting plugin AudioSynesthesia
LogPluginManager: Mounting plugin AssetTags
LogPluginManager: Mounting plugin CableComponent
LogPluginManager: Mounting plugin ChunkDownloader
LogPluginManager: Mounting plugin CustomMeshComponent
LogPluginManager: Mounting plugin EditableMesh
LogPluginManager: Mounting plugin ExampleDeviceProfileSelector
LogPluginManager: Mounting plugin GoogleCloudMessaging
LogPluginManager: Mounting plugin GooglePAD
LogPluginManager: Mounting plugin IOSDeviceProfileSelector
LogPluginManager: Mounting plugin LinuxDeviceProfileSelector
LogPluginManager: Mounting plugin LocationServicesBPLibrary
LogPluginManager: Mounting plugin MobilePatchingUtils
LogPluginManager: Mounting plugin OpenXREyeTracker
LogPluginManager: Mounting plugin PostSplashScreen
LogPluginManager: Mounting plugin OpenXR
LogPluginManager: Mounting plugin PhysXVehicles
LogPluginManager: Mounting plugin OpenXRHandTracking
LogPluginManager: Mounting plugin PropertyAccessEditor
LogPluginManager: Mounting plugin ProceduralMeshComponent
LogPluginManager: Mounting plugin RuntimePhysXCooking
LogPluginManager: Mounting plugin SignificanceManager
LogPluginManager: Mounting plugin SoundFields
LogPluginManager: Mounting plugin Synthesis
LogPluginManager: Mounting plugin WebMMoviePlayer
LogPluginManager: Mounting plugin WindowsMoviePlayer
LogPluginManager: Mounting plugin ContentBrowserAssetDataSource
LogPluginManager: Mounting plugin ContentBrowserClassDataSource
LogPluginManager: Mounting plugin ContentBrowserFileDataSource
LogPluginManager: Mounting plugin OnlineSubsystemGooglePlay
LogPluginManager: Mounting plugin OnlineSubsystemIOS
LogPluginManager: Mounting plugin OculusVR
LogPluginManager: Mounting plugin SteamVR
PixWinPlugin: PIX capture plugin failed to initialize! Check that the process is launched from PIX.
LogInit: Using libcurl 7.55.1-DEV
LogInit:  - built for x86_64-pc-win32
LogInit:  - supports SSL with OpenSSL/1.1.1
LogInit:  - supports HTTP deflate (compression) using libz 1.2.8
LogInit:  - other features:
LogInit:      CURL_VERSION_SSL
LogInit:      CURL_VERSION_LIBZ
LogInit:      CURL_VERSION_IPV6
LogInit:      CURL_VERSION_ASYNCHDNS
LogInit:      CURL_VERSION_LARGEFILE
LogInit:      CURL_VERSION_IDN
LogInit:  CurlRequestOptions (configurable via config and command line):
LogInit:  - bVerifyPeer = true  - Libcurl will verify peer certificate
LogInit:  - bUseHttpProxy = false  - Libcurl will NOT use HTTP proxy
LogInit:  - bDontReuseConnections = false  - Libcurl will reuse connections
LogInit:  - MaxHostConnections = 16  - Libcurl will limit the number of connections to a host
LogInit:  - LocalHostAddr = Default
LogInit:  - BufferSize = 65536
LogOnline: OSS: Creating online subsystem instance for: NULL
LogInit: WinSock: version 1.1 (2.2), MaxSocks=32767, MaxUdp=65467
LogOnline: OSS: TryLoadSubsystemAndSetDefault: Loaded subsystem for module [NULL]
LogOculusPluginWrapper: OculusPlugin initialized successfully
LogHMD: Failed initializing OVRPlugin 1.59.0
LogInit: Build: ++UE4+Release-4.27-CL-18319896
LogInit: Engine Version: 4.27.2-18319896+++UE4+Release-4.27
LogInit: Compatible Engine Version: 4.27.0-17155196+++UE4+Release-4.27
LogInit: Net CL: 17155196
LogInit: OS: Windows 10 (Release 2009) (), CPU: 11th Gen Intel(R) Core(TM) i7-11800H @ 2.30GHz, GPU: Intel(R) UHD Graphics
LogInit: Compiled (64-bit): Nov 30 2021 07:12:08
LogInit: Compiled with Visual C++: 19.24.28315.00
LogInit: Build Configuration: Development
LogInit: Branch Name: ++UE4+Release-4.27
LogInit: Command Line: 
LogInit: Base Directory: C:/Program Files/Epic Games/UE_4.27/Engine/Binaries/Win64/
LogInit: Allocator: TBB
LogInit: Installed Engine Build: 1
LogDevObjectVersion: Number of dev versions registered: 29
LogDevObjectVersion:   Dev-Blueprints (B0D832E4-1F89-4F0D-ACCF-7EB736FD4AA2): 10
LogDevObjectVersion:   Dev-Build (E1C64328-A22C-4D53-A36C-8E866417BD8C): 0
LogDevObjectVersion:   Dev-Core (375EC13C-06E4-48FB-B500-84F0262A717E): 4
LogDevObjectVersion:   Dev-Editor (E4B068ED-F494-42E9-A231-DA0B2E46BB41): 40
LogDevObjectVersion:   Dev-Framework (CFFC743F-43B0-4480-9391-14DF171D2073): 37
LogDevObjectVersion:   Dev-Mobile (B02B49B5-BB20-44E9-A304-32B752E40360): 3
LogDevObjectVersion:   Dev-Networking (A4E4105C-59A1-49B5-A7C5-40C4547EDFEE): 0
LogDevObjectVersion:   Dev-Online (39C831C9-5AE6-47DC-9A44-9C173E1C8E7C): 0
LogDevObjectVersion:   Dev-Physics (78F01B33-EBEA-4F98-B9B4-84EACCB95AA2): 14
LogDevObjectVersion:   Dev-Platform (6631380F-2D4D-43E0-8009-CF276956A95A): 0
LogDevObjectVersion:   Dev-Rendering (12F88B9F-8875-4AFC-A67C-D90C383ABD29): 45
LogDevObjectVersion:   Dev-Sequencer (7B5AE74C-D270-4C10-A958-57980B212A5A): 13
LogDevObjectVersion:   Dev-VR (D7296918-1DD6-4BDD-9DE2-64A83CC13884): 3
LogDevObjectVersion:   Dev-LoadTimes (C2A15278-BFE7-4AFE-6C17-90FF531DF755): 1
LogDevObjectVersion:   Private-Geometry (6EACA3D4-40EC-4CC1-B786-8BED09428FC5): 3
LogDevObjectVersion:   Dev-AnimPhys (29E575DD-E0A3-4627-9D10-D276232CDCEA): 17
LogDevObjectVersion:   Dev-Anim (AF43A65D-7FD3-4947-9873-3E8ED9C1BB05): 15
LogDevObjectVersion:   Dev-ReflectionCapture (6B266CEC-1EC7-4B8F-A30B-E4D90942FC07): 1
LogDevObjectVersion:   Dev-Automation (0DF73D61-A23F-47EA-B727-89E90C41499A): 1
LogDevObjectVersion:   FortniteMain (601D1886-AC64-4F84-AA16-D3DE0DEAC7D6): 47
LogDevObjectVersion:   FortniteRelease (E7086368-6B23-4C58-8439-1B7016265E91): 1
LogDevObjectVersion:   Dev-Enterprise (9DFFBCD6-494F-0158-E221-12823C92A888): 10
LogDevObjectVersion:   Dev-Niagara (F2AED0AC-9AFE-416F-8664-AA7FFA26D6FC): 1
LogDevObjectVersion:   Dev-Destruction (174F1F0B-B4C6-45A5-B13F-2EE8D0FB917D): 10
LogDevObjectVersion:   Dev-Physics-Ext (35F94A83-E258-406C-A318-09F59610247C): 41
LogDevObjectVersion:   Dev-PhysicsMaterial-Chaos (B68FC16E-8B1B-42E2-B453-215C058844FE): 1
LogDevObjectVersion:   Dev-CineCamera (B2E18506-4273-CFC2-A54E-F4BB758BBA07): 1
LogDevObjectVersion:   Dev-VirtualProduction (64F58936-FD1B-42BA-BA96-7289D5D0FA4E): 1
LogDevObjectVersion:   Dev-MediaFramework (6F0ED827-A609-4895-9C91-998D90180EA4): 2
LogInit: Presizing for max 25165824 objects, including 0 objects not considered by GC, pre-allocating 0 bytes for permanent pool.
LogConfig: Applying CVar settings from Section [/Script/Engine.StreamingSettings] File [C:/Users/rober/Documents/GitHub/MT_RythmGame/Saved/Config/Windows/Engine.ini]
LogConfig: Setting CVar [[s.MinBulkDataSizeForAsyncLoading:131072]]
LogConfig: Setting CVar [[s.AsyncLoadingThreadEnabled:0]]
LogConfig: Setting CVar [[s.EventDrivenLoaderEnabled:1]]
LogConfig: Setting CVar [[s.WarnIfTimeLimitExceeded:0]]
LogConfig: Setting CVar [[s.TimeLimitExceededMultiplier:1.5]]
LogConfig: Setting CVar [[s.TimeLimitExceededMinTime:0.005]]
LogConfig: Setting CVar [[s.UseBackgroundLevelStreaming:1]]
LogConfig: Setting CVar [[s.PriorityAsyncLoadingExtraTime:15.0]]
LogConfig: Setting CVar [[s.LevelStreamingActorsUpdateTimeLimit:5.0]]
LogConfig: Setting CVar [[s.PriorityLevelStreamingActorsUpdateExtraTime:5.0]]
LogConfig: Setting CVar [[s.LevelStreamingComponentsRegistrationGranularity:10]]
LogConfig: Setting CVar [[s.UnregisterComponentsTimeLimit:1.0]]
LogConfig: Setting CVar [[s.LevelStreamingComponentsUnregistrationGranularity:5]]
LogConfig: Setting CVar [[s.FlushStreamingOnExit:1]]
LogInit: Object subsystem initialized
LogConfig: Setting CVar [[con.DebugEarlyDefault:1]]
LogConfig: Setting CVar [[r.setres:1280x720]]
[2022.02.04-06.07.54:971][  0]LogConfig: Setting CVar [[r.VSync:0]]
[2022.02.04-06.07.54:971][  0]LogConfig: Setting CVar [[r.RHICmdBypass:0]]
[2022.02.04-06.07.54:971][  0]LogConfig: Applying CVar settings from Section [/Script/Engine.RendererSettings] File [C:/Users/rober/Documents/GitHub/MT_RythmGame/Saved/Config/Windows/Engine.ini]
[2022.02.04-06.07.54:971][  0]LogConfig: Setting CVar [[r.GPUCrashDebugging:0]]
[2022.02.04-06.07.54:971][  0]LogConfig: Applying CVar settings from Section [/Script/Engine.RendererOverrideSettings] File [C:/Users/rober/Documents/GitHub/MT_RythmGame/Saved/Config/Windows/Engine.ini]
[2022.02.04-06.07.54:971][  0]LogConfig: Applying CVar settings from Section [/Script/Engine.StreamingSettings] File [C:/Users/rober/Documents/GitHub/MT_RythmGame/Saved/Config/Windows/Engine.ini]
[2022.02.04-06.07.54:971][  0]LogConfig: Setting CVar [[s.MinBulkDataSizeForAsyncLoading:131072]]
[2022.02.04-06.07.54:971][  0]LogConfig: Setting CVar [[s.AsyncLoadingThreadEnabled:0]]
[2022.02.04-06.07.54:971][  0]LogConfig: Setting CVar [[s.EventDrivenLoaderEnabled:1]]
[2022.02.04-06.07.54:971][  0]LogConfig: Setting CVar [[s.WarnIfTimeLimitExceeded:0]]
[2022.02.04-06.07.54:971][  0]LogConfig: Setting CVar [[s.TimeLimitExceededMultiplier:1.5]]
[2022.02.04-06.07.54:971][  0]LogConfig: Setting CVar [[s.TimeLimitExceededMinTime:0.005]]
[2022.02.04-06.07.54:971][  0]LogConfig: Setting CVar [[s.UseBackgroundLevelStreaming:1]]
[2022.02.04-06.07.54:971][  0]LogConfig: Setting CVar [[s.PriorityAsyncLoadingExtraTime:15.0]]
[2022.02.04-06.07.54:971][  0]LogConfig: Setting CVar [[s.LevelStreamingActorsUpdateTimeLimit:5.0]]
[2022.02.04-06.07.54:971][  0]LogConfig: Setting CVar [[s.PriorityLevelStreamingActorsUpdateExtraTime:5.0]]
[2022.02.04-06.07.54:971][  0]LogConfig: Setting CVar [[s.LevelStreamingComponentsRegistrationGranularity:10]]
[2022.02.04-06.07.54:971][  0]LogConfig: Setting CVar [[s.UnregisterComponentsTimeLimit:1.0]]
[2022.02.04-06.07.54:971][  0]LogConfig: Setting CVar [[s.LevelStreamingComponentsUnregistrationGranularity:5]]
[2022.02.04-06.07.54:971][  0]LogConfig: Setting CVar [[s.FlushStreamingOnExit:1]]
[2022.02.04-06.07.54:971][  0]LogConfig: Applying CVar settings from Section [/Script/Engine.GarbageCollectionSettings] File [C:/Users/rober/Documents/GitHub/MT_RythmGame/Saved/Config/Windows/Engine.ini]
[2022.02.04-06.07.54:971][  0]LogConfig: Setting CVar [[gc.MaxObjectsNotConsideredByGC:1]]
[2022.02.04-06.07.54:971][  0]LogConfig: Setting CVar [[gc.SizeOfPermanentObjectPool:0]]
[2022.02.04-06.07.54:971][  0]LogConfig: Setting CVar [[gc.FlushStreamingOnGC:0]]
[2022.02.04-06.07.54:971][  0]LogConfig: Setting CVar [[gc.NumRetriesBeforeForcingGC:10]]
[2022.02.04-06.07.54:971][  0]LogConfig: Setting CVar [[gc.AllowParallelGC:1]]
[2022.02.04-06.07.54:971][  0]LogConfig: Setting CVar [[gc.TimeBetweenPurgingPendingKillObjects:61.1]]
[2022.02.04-06.07.54:971][  0]LogConfig: Setting CVar [[gc.MaxObjectsInEditor:25165824]]
[2022.02.04-06.07.54:971][  0]LogConfig: Setting CVar [[gc.IncrementalBeginDestroyEnabled:1]]
[2022.02.04-06.07.54:971][  0]LogConfig: Setting CVar [[gc.CreateGCClusters:1]]
[2022.02.04-06.07.54:971][  0]LogConfig: Setting CVar [[gc.MinGCClusterSize:5]]
[2022.02.04-06.07.54:971][  0]LogConfig: Setting CVar [[gc.ActorClusteringEnabled:0]]
[2022.02.04-06.07.54:971][  0]LogConfig: Setting CVar [[gc.BlueprintClusteringEnabled:0]]
[2022.02.04-06.07.54:971][  0]LogConfig: Setting CVar [[gc.UseDisregardForGCOnDedicatedServers:0]]
[2022.02.04-06.07.54:971][  0]LogConfig: Setting CVar [[gc.MultithreadedDestructionEnabled:1]]
[2022.02.04-06.07.54:971][  0]LogConfig: Applying CVar settings from Section [/Script/Engine.NetworkSettings] File [C:/Users/rober/Documents/GitHub/MT_RythmGame/Saved/Config/Windows/Engine.ini]
[2022.02.04-06.07.54:971][  0]LogConfig: Applying CVar settings from Section [/Script/UnrealEd.CookerSettings] File [C:/Users/rober/Documents/GitHub/MT_RythmGame/Saved/Config/Windows/Engine.ini]
[2022.02.04-06.07.54:980][  0]LogConfig: Applying CVar settings from Section [ViewDistanceQuality@3] File [C:/Users/rober/Documents/GitHub/MT_RythmGame/Saved/Config/Windows/Scalability.ini]
[2022.02.04-06.07.54:980][  0]LogConfig: Setting CVar [[r.SkeletalMeshLODBias:0]]
[2022.02.04-06.07.54:980][  0]LogConfig: Setting CVar [[r.ViewDistanceScale:1.0]]
[2022.02.04-06.07.54:980][  0]LogConfig: Applying CVar settings from Section [AntiAliasingQuality@3] File [C:/Users/rober/Documents/GitHub/MT_RythmGame/Saved/Config/Windows/Scalability.ini]
[2022.02.04-06.07.54:980][  0]LogConfig: Setting CVar [[r.PostProcessAAQuality:4]]
[2022.02.04-06.07.54:980][  0]LogConfig: Applying CVar settings from Section [ShadowQuality@3] File [C:/Users/rober/Documents/GitHub/MT_RythmGame/Saved/Config/Windows/Scalability.ini]
[2022.02.04-06.07.54:980][  0]LogConfig: Setting CVar [[r.LightFunctionQuality:1]]
[2022.02.04-06.07.54:980][  0]LogConfig: Setting CVar [[r.ShadowQuality:5]]
[2022.02.04-06.07.54:980][  0]LogConfig: Setting CVar [[r.Shadow.CSM.MaxCascades:10]]
[2022.02.04-06.07.54:980][  0]LogConfig: Setting CVar [[r.Shadow.MaxResolution:2048]]
[2022.02.04-06.07.54:980][  0]LogConfig: Setting CVar [[r.Shadow.MaxCSMResolution:2048]]
[2022.02.04-06.07.54:980][  0]LogConfig: Setting CVar [[r.Shadow.RadiusThreshold:0.01]]
[2022.02.04-06.07.54:980][  0]LogConfig: Setting CVar [[r.Shadow.DistanceScale:1.0]]
[2022.02.04-06.07.54:980][  0]LogConfig: Setting CVar [[r.Shadow.CSM.TransitionScale:1.0]]
[2022.02.04-06.07.54:980][  0]LogConfig: Setting CVar [[r.Shadow.PreShadowResolutionFactor:1.0]]
[2022.02.04-06.07.54:980][  0]LogConfig: Setting CVar [[r.DistanceFieldShadowing:1]]
[2022.02.04-06.07.54:980][  0]LogConfig: Setting CVar [[r.DistanceFieldAO:1]]
[2022.02.04-06.07.54:980][  0]LogConfig: Setting CVar [[r.AOQuality:2]]
[2022.02.04-06.07.54:980][  0]LogConfig: Setting CVar [[r.VolumetricFog:1]]
[2022.02.04-06.07.54:980][  0]LogConfig: Setting CVar [[r.VolumetricFog.GridPixelSize:8]]
[2022.02.04-06.07.54:980][  0]LogConfig: Setting CVar [[r.VolumetricFog.GridSizeZ:128]]
[2022.02.04-06.07.54:980][  0]LogConfig: Setting CVar [[r.VolumetricFog.HistoryMissSupersampleCount:4]]
[2022.02.04-06.07.54:980][  0]LogConfig: Setting CVar [[r.LightMaxDrawDistanceScale:1]]
[2022.02.04-06.07.54:980][  0]LogConfig: Setting CVar [[r.CapsuleShadows:1]]
[2022.02.04-06.07.54:980][  0]LogConfig: Applying CVar settings from Section [PostProcessQuality@3] File [C:/Users/rober/Documents/GitHub/MT_RythmGame/Saved/Config/Windows/Scalability.ini]
[2022.02.04-06.07.54:980][  0]LogConfig: Setting CVar [[r.MotionBlurQuality:4]]
[2022.02.04-06.07.54:980][  0]LogConfig: Setting CVar [[r.AmbientOcclusionMipLevelFactor:0.4]]
[2022.02.04-06.07.54:980][  0]LogConfig: Setting CVar [[r.AmbientOcclusionMaxQuality:100]]
[2022.02.04-06.07.54:980][  0]LogConfig: Setting CVar [[r.AmbientOcclusionLevels:-1]]
[2022.02.04-06.07.54:980][  0]LogConfig: Setting CVar [[r.AmbientOcclusionRadiusScale:1.0]]
[2022.02.04-06.07.54:980][  0]LogConfig: Setting CVar [[r.DepthOfFieldQuality:2]]
[2022.02.04-06.07.54:980][  0]LogConfig: Setting CVar [[r.RenderTargetPoolMin:400]]
[2022.02.04-06.07.54:980][  0]LogConfig: Setting CVar [[r.LensFlareQuality:2]]
[2022.02.04-06.07.54:980][  0]LogConfig: Setting CVar [[r.SceneColorFringeQuality:1]]
[2022.02.04-06.07.54:980][  0]LogConfig: Setting CVar [[r.EyeAdaptationQuality:2]]
[2022.02.04-06.07.54:980][  0]LogConfig: Setting CVar [[r.BloomQuality:5]]
[2022.02.04-06.07.54:980][  0]LogConfig: Setting CVar [[r.FastBlurThreshold:100]]
[2022.02.04-06.07.54:980][  0]LogConfig: Setting CVar [[r.Upscale.Quality:3]]
[2022.02.04-06.07.54:980][  0]LogConfig: Setting CVar [[r.Tonemapper.GrainQuantization:1]]
[2022.02.04-06.07.54:980][  0]LogConfig: Setting CVar [[r.LightShaftQuality:1]]
[2022.02.04-06.07.54:980][  0]LogConfig: Setting CVar [[r.Filter.SizeScale:1]]
[2022.02.04-06.07.54:980][  0]LogConfig: Setting CVar [[r.Tonemapper.Quality:5]]
[2022.02.04-06.07.54:980][  0]LogConfig: Setting CVar [[r.DOF.Gather.AccumulatorQuality:1        ; higher gathering accumulator quality]]
[2022.02.04-06.07.54:980][  0]LogConfig: Setting CVar [[r.DOF.Gather.PostfilterMethod:1          ; Median3x3 postfilering method]]
[2022.02.04-06.07.54:980][  0]LogConfig: Setting CVar [[r.DOF.Gather.EnableBokehSettings:0       ; no bokeh simulation when gathering]]
[2022.02.04-06.07.54:980][  0]LogConfig: Setting CVar [[r.DOF.Gather.RingCount:4                 ; medium number of samples when gathering]]
[2022.02.04-06.07.54:980][  0]LogConfig: Setting CVar [[r.DOF.Scatter.ForegroundCompositing:1    ; additive foreground scattering]]
[2022.02.04-06.07.54:980][  0]LogConfig: Setting CVar [[r.DOF.Scatter.BackgroundCompositing:2    ; additive background scattering]]
[2022.02.04-06.07.54:980][  0]LogConfig: Setting CVar [[r.DOF.Scatter.EnableBokehSettings:1      ; bokeh simulation when scattering]]
[2022.02.04-06.07.54:980][  0]LogConfig: Setting CVar [[r.DOF.Scatter.MaxSpriteRatio:0.1         ; only a maximum of 10% of scattered bokeh]]
[2022.02.04-06.07.54:980][  0]LogConfig: Setting CVar [[r.DOF.Recombine.Quality:1                ; cheap slight out of focus]]
[2022.02.04-06.07.54:980][  0]LogConfig: Setting CVar [[r.DOF.Recombine.EnableBokehSettings:0    ; no bokeh simulation on slight out of focus]]
[2022.02.04-06.07.54:980][  0]LogConfig: Setting CVar [[r.DOF.TemporalAAQuality:1                ; more stable temporal accumulation]]
[2022.02.04-06.07.54:980][  0]LogConfig: Setting CVar [[r.DOF.Kernel.MaxForegroundRadius:0.025]]
[2022.02.04-06.07.54:980][  0]LogConfig: Setting CVar [[r.DOF.Kernel.MaxBackgroundRadius:0.025]]
[2022.02.04-06.07.54:980][  0]LogConfig: Applying CVar settings from Section [TextureQuality@3] File [C:/Users/rober/Documents/GitHub/MT_RythmGame/Saved/Config/Windows/Scalability.ini]
[2022.02.04-06.07.54:980][  0]LogConfig: Setting CVar [[r.Streaming.MipBias:0]]
[2022.02.04-06.07.54:980][  0]LogConfig: Setting CVar [[r.Streaming.AmortizeCPUToGPUCopy:0]]
[2022.02.04-06.07.54:980][  0]LogConfig: Setting CVar [[r.Streaming.MaxNumTexturesToStreamPerFrame:0]]
[2022.02.04-06.07.54:980][  0]LogConfig: Setting CVar [[r.Streaming.Boost:1]]
[2022.02.04-06.07.54:980][  0]LogConfig: Setting CVar [[r.MaxAnisotropy:8]]
[2022.02.04-06.07.54:980][  0]LogConfig: Setting CVar [[r.VT.MaxAnisotropy:8]]
[2022.02.04-06.07.54:980][  0]LogConfig: Setting CVar [[r.Streaming.LimitPoolSizeToVRAM:0]]
[2022.02.04-06.07.54:980][  0]LogConfig: Setting CVar [[r.Streaming.PoolSize:1000]]
[2022.02.04-06.07.54:980][  0]LogConfig: Setting CVar [[r.Streaming.MaxEffectiveScreenSize:0]]
[2022.02.04-06.07.54:980][  0]LogConfig: Applying CVar settings from Section [EffectsQuality@3] File [C:/Users/rober/Documents/GitHub/MT_RythmGame/Saved/Config/Windows/Scalability.ini]
[2022.02.04-06.07.54:980][  0]LogConfig: Setting CVar [[r.TranslucencyLightingVolumeDim:64]]
[2022.02.04-06.07.54:980][  0]LogConfig: Setting CVar [[r.RefractionQuality:2]]
[2022.02.04-06.07.54:980][  0]LogConfig: Setting CVar [[r.SSR.Quality:3]]
[2022.02.04-06.07.54:980][  0]LogConfig: Setting CVar [[r.SSR.HalfResSceneColor:0]]
[2022.02.04-06.07.54:980][  0]LogConfig: Setting CVar [[r.SceneColorFormat:4]]
[2022.02.04-06.07.54:980][  0]LogConfig: Setting CVar [[r.DetailMode:2]]
[2022.02.04-06.07.54:980][  0]LogConfig: Setting CVar [[r.TranslucencyVolumeBlur:1]]
[2022.02.04-06.07.54:980][  0]LogConfig: Setting CVar [[r.MaterialQualityLevel:1 ; High quality]]
[2022.02.04-06.07.54:980][  0]LogConfig: Setting CVar [[r.AnisotropicMaterials:1]]
[2022.02.04-06.07.54:980][  0]LogConfig: Setting CVar [[r.SSS.Scale:1]]
[2022.02.04-06.07.54:980][  0]LogConfig: Setting CVar [[r.SSS.SampleSet:2]]
[2022.02.04-06.07.54:980][  0]LogConfig: Setting CVar [[r.SSS.Quality:1]]
[2022.02.04-06.07.54:980][  0]LogConfig: Setting CVar [[r.SSS.HalfRes:0]]
[2022.02.04-06.07.54:980][  0]LogConfig: Setting CVar [[r.SSGI.Quality:3]]
[2022.02.04-06.07.54:980][  0]LogConfig: Setting CVar [[r.EmitterSpawnRateScale:1.0]]
[2022.02.04-06.07.54:980][  0]LogConfig: Setting CVar [[r.ParticleLightQuality:2]]
[2022.02.04-06.07.54:980][  0]LogConfig: Setting CVar [[r.SkyAtmosphere.AerialPerspectiveLUT.FastApplyOnOpaque:1 ; Always have FastSkyLUT 1 in this case to avoid wrong sky]]
[2022.02.04-06.07.54:980][  0]LogConfig: Setting CVar [[r.SkyAtmosphere.AerialPerspectiveLUT.SampleCountMaxPerSlice:4]]
[2022.02.04-06.07.54:980][  0]LogConfig: Setting CVar [[r.SkyAtmosphere.AerialPerspectiveLUT.DepthResolution:16.0]]
[2022.02.04-06.07.54:980][  0]LogConfig: Setting CVar [[r.SkyAtmosphere.FastSkyLUT:1]]
[2022.02.04-06.07.54:980][  0]LogConfig: Setting CVar [[r.SkyAtmosphere.FastSkyLUT.SampleCountMin:4.0]]
[2022.02.04-06.07.54:980][  0]LogConfig: Setting CVar [[r.SkyAtmosphere.FastSkyLUT.SampleCountMax:128.0]]
[2022.02.04-06.07.54:980][  0]LogConfig: Setting CVar [[r.SkyAtmosphere.SampleCountMin:4.0]]
[2022.02.04-06.07.54:980][  0]LogConfig: Setting CVar [[r.SkyAtmosphere.SampleCountMax:128.0]]
[2022.02.04-06.07.54:980][  0]LogConfig: Setting CVar [[r.SkyAtmosphere.TransmittanceLUT.UseSmallFormat:0]]
[2022.02.04-06.07.54:980][  0]LogConfig: Setting CVar [[r.SkyAtmosphere.TransmittanceLUT.SampleCount:10.0]]
[2022.02.04-06.07.54:980][  0]LogConfig: Setting CVar [[r.SkyAtmosphere.MultiScatteringLUT.SampleCount:15.0]]
[2022.02.04-06.07.54:980][  0]LogConfig: Setting CVar [[r.SkyLight.RealTimeReflectionCapture:1]]
[2022.02.04-06.07.54:980][  0]LogConfig: Applying CVar settings from Section [FoliageQuality@3] File [C:/Users/rober/Documents/GitHub/MT_RythmGame/Saved/Config/Windows/Scalability.ini]
[2022.02.04-06.07.54:980][  0]LogConfig: Setting CVar [[foliage.DensityScale:1.0]]
[2022.02.04-06.07.54:980][  0]LogConfig: Setting CVar [[grass.DensityScale:1.0]]
[2022.02.04-06.07.54:980][  0]LogConfig: Applying CVar settings from Section [ShadingQuality@3] File [C:/Users/rober/Documents/GitHub/MT_RythmGame/Saved/Config/Windows/Scalability.ini]
[2022.02.04-06.07.54:980][  0]LogConfig: Setting CVar [[r.HairStrands.SkyLighting.IntegrationType:2]]
[2022.02.04-06.07.54:980][  0]LogConfig: Setting CVar [[r.HairStrands.SkyAO.SampleCount:4]]
[2022.02.04-06.07.54:980][  0]LogConfig: Setting CVar [[r.HairStrands.Visibility.MSAA.SamplePerPixel:4]]
[2022.02.04-06.07.54:981][  0]LogInit: Selected Device Profile: [Windows]
[2022.02.04-06.07.54:981][  0]LogInit: Applying CVar settings loaded from the selected device profile: [Windows]
[2022.02.04-06.07.54:981][  0]LogHAL: Display: Platform has ~ 16 GB [16935870464 / 17179869184 / 16], which maps to Larger [LargestMinGB=32, LargerMinGB=12, DefaultMinGB=8, SmallerMinGB=6, SmallestMinGB=0)
[2022.02.04-06.07.54:981][  0]LogInit: Going up to parent DeviceProfile []
[2022.02.04-06.07.54:981][  0]LogConfig: Applying CVar settings from Section [ViewDistanceQuality@3] File [C:/Users/rober/Documents/GitHub/MT_RythmGame/Saved/Config/Windows/Scalability.ini]
[2022.02.04-06.07.54:981][  0]LogConfig: Setting CVar [[r.SkeletalMeshLODBias:0]]
[2022.02.04-06.07.54:981][  0]LogConfig: Setting CVar [[r.ViewDistanceScale:1.0]]
[2022.02.04-06.07.54:981][  0]LogConfig: Applying CVar settings from Section [AntiAliasingQuality@3] File [C:/Users/rober/Documents/GitHub/MT_RythmGame/Saved/Config/Windows/Scalability.ini]
[2022.02.04-06.07.54:981][  0]LogConfig: Setting CVar [[r.PostProcessAAQuality:4]]
[2022.02.04-06.07.54:981][  0]LogConfig: Applying CVar settings from Section [ShadowQuality@3] File [C:/Users/rober/Documents/GitHub/MT_RythmGame/Saved/Config/Windows/Scalability.ini]
[2022.02.04-06.07.54:981][  0]LogConfig: Setting CVar [[r.LightFunctionQuality:1]]
[2022.02.04-06.07.54:981][  0]LogConfig: Setting CVar [[r.ShadowQuality:5]]
[2022.02.04-06.07.54:981][  0]LogConfig: Setting CVar [[r.Shadow.CSM.MaxCascades:10]]
[2022.02.04-06.07.54:981][  0]LogConfig: Setting CVar [[r.Shadow.MaxResolution:2048]]
[2022.02.04-06.07.54:981][  0]LogConfig: Setting CVar [[r.Shadow.MaxCSMResolution:2048]]
[2022.02.04-06.07.54:981][  0]LogConfig: Setting CVar [[r.Shadow.RadiusThreshold:0.01]]
[2022.02.04-06.07.54:981][  0]LogConfig: Setting CVar [[r.Shadow.DistanceScale:1.0]]
[2022.02.04-06.07.54:981][  0]LogConfig: Setting CVar [[r.Shadow.CSM.TransitionScale:1.0]]
[2022.02.04-06.07.54:981][  0]LogConfig: Setting CVar [[r.Shadow.PreShadowResolutionFactor:1.0]]
[2022.02.04-06.07.54:981][  0]LogConfig: Setting CVar [[r.DistanceFieldShadowing:1]]
[2022.02.04-06.07.54:981][  0]LogConfig: Setting CVar [[r.DistanceFieldAO:1]]
[2022.02.04-06.07.54:981][  0]LogConfig: Setting CVar [[r.AOQuality:2]]
[2022.02.04-06.07.54:981][  0]LogConfig: Setting CVar [[r.VolumetricFog:1]]
[2022.02.04-06.07.54:981][  0]LogConfig: Setting CVar [[r.VolumetricFog.GridPixelSize:8]]
[2022.02.04-06.07.54:981][  0]LogConfig: Setting CVar [[r.VolumetricFog.GridSizeZ:128]]
[2022.02.04-06.07.54:981][  0]LogConfig: Setting CVar [[r.VolumetricFog.HistoryMissSupersampleCount:4]]
[2022.02.04-06.07.54:981][  0]LogConfig: Setting CVar [[r.LightMaxDrawDistanceScale:1]]
[2022.02.04-06.07.54:981][  0]LogConfig: Setting CVar [[r.CapsuleShadows:1]]
[2022.02.04-06.07.54:981][  0]LogConfig: Applying CVar settings from Section [PostProcessQuality@3] File [C:/Users/rober/Documents/GitHub/MT_RythmGame/Saved/Config/Windows/Scalability.ini]
[2022.02.04-06.07.54:981][  0]LogConfig: Setting CVar [[r.MotionBlurQuality:4]]
[2022.02.04-06.07.54:981][  0]LogConfig: Setting CVar [[r.AmbientOcclusionMipLevelFactor:0.4]]
[2022.02.04-06.07.54:981][  0]LogConfig: Setting CVar [[r.AmbientOcclusionMaxQuality:100]]
[2022.02.04-06.07.54:981][  0]LogConfig: Setting CVar [[r.AmbientOcclusionLevels:-1]]
[2022.02.04-06.07.54:982][  0]LogConfig: Setting CVar [[r.AmbientOcclusionRadiusScale:1.0]]
[2022.02.04-06.07.54:982][  0]LogConfig: Setting CVar [[r.DepthOfFieldQuality:2]]
[2022.02.04-06.07.54:982][  0]LogConfig: Setting CVar [[r.RenderTargetPoolMin:400]]
[2022.02.04-06.07.54:982][  0]LogConfig: Setting CVar [[r.LensFlareQuality:2]]
[2022.02.04-06.07.54:982][  0]LogConfig: Setting CVar [[r.SceneColorFringeQuality:1]]
[2022.02.04-06.07.54:982][  0]LogConfig: Setting CVar [[r.EyeAdaptationQuality:2]]
[2022.02.04-06.07.54:982][  0]LogConfig: Setting CVar [[r.BloomQuality:5]]
[2022.02.04-06.07.54:982][  0]LogConfig: Setting CVar [[r.FastBlurThreshold:100]]
[2022.02.04-06.07.54:982][  0]LogConfig: Setting CVar [[r.Upscale.Quality:3]]
[2022.02.04-06.07.54:982][  0]LogConfig: Setting CVar [[r.Tonemapper.GrainQuantization:1]]
[2022.02.04-06.07.54:982][  0]LogConfig: Setting CVar [[r.LightShaftQuality:1]]
[2022.02.04-06.07.54:982][  0]LogConfig: Setting CVar [[r.Filter.SizeScale:1]]
[2022.02.04-06.07.54:982][  0]LogConfig: Setting CVar [[r.Tonemapper.Quality:5]]
[2022.02.04-06.07.54:982][  0]LogConfig: Setting CVar [[r.DOF.Gather.AccumulatorQuality:1        ; higher gathering accumulator quality]]
[2022.02.04-06.07.54:982][  0]LogConfig: Setting CVar [[r.DOF.Gather.PostfilterMethod:1          ; Median3x3 postfilering method]]
[2022.02.04-06.07.54:982][  0]LogConfig: Setting CVar [[r.DOF.Gather.EnableBokehSettings:0       ; no bokeh simulation when gathering]]
[2022.02.04-06.07.54:982][  0]LogConfig: Setting CVar [[r.DOF.Gather.RingCount:4                 ; medium number of samples when gathering]]
[2022.02.04-06.07.54:982][  0]LogConfig: Setting CVar [[r.DOF.Scatter.ForegroundCompositing:1    ; additive foreground scattering]]
[2022.02.04-06.07.54:982][  0]LogConfig: Setting CVar [[r.DOF.Scatter.BackgroundCompositing:2    ; additive background scattering]]
[2022.02.04-06.07.54:982][  0]LogConfig: Setting CVar [[r.DOF.Scatter.EnableBokehSettings:1      ; bokeh simulation when scattering]]
[2022.02.04-06.07.54:982][  0]LogConfig: Setting CVar [[r.DOF.Scatter.MaxSpriteRatio:0.1         ; only a maximum of 10% of scattered bokeh]]
[2022.02.04-06.07.54:982][  0]LogConfig: Setting CVar [[r.DOF.Recombine.Quality:1                ; cheap slight out of focus]]
[2022.02.04-06.07.54:982][  0]LogConfig: Setting CVar [[r.DOF.Recombine.EnableBokehSettings:0    ; no bokeh simulation on slight out of focus]]
[2022.02.04-06.07.54:982][  0]LogConfig: Setting CVar [[r.DOF.TemporalAAQuality:1                ; more stable temporal accumulation]]
[2022.02.04-06.07.54:982][  0]LogConfig: Setting CVar [[r.DOF.Kernel.MaxForegroundRadius:0.025]]
[2022.02.04-06.07.54:982][  0]LogConfig: Setting CVar [[r.DOF.Kernel.MaxBackgroundRadius:0.025]]
[2022.02.04-06.07.54:982][  0]LogConfig: Applying CVar settings from Section [TextureQuality@3] File [C:/Users/rober/Documents/GitHub/MT_RythmGame/Saved/Config/Windows/Scalability.ini]
[2022.02.04-06.07.54:982][  0]LogConfig: Setting CVar [[r.Streaming.MipBias:0]]
[2022.02.04-06.07.54:982][  0]LogConfig: Setting CVar [[r.Streaming.AmortizeCPUToGPUCopy:0]]
[2022.02.04-06.07.54:982][  0]LogConfig: Setting CVar [[r.Streaming.MaxNumTexturesToStreamPerFrame:0]]
[2022.02.04-06.07.54:982][  0]LogConfig: Setting CVar [[r.Streaming.Boost:1]]
[2022.02.04-06.07.54:982][  0]LogConfig: Setting CVar [[r.MaxAnisotropy:8]]
[2022.02.04-06.07.54:982][  0]LogConfig: Setting CVar [[r.VT.MaxAnisotropy:8]]
[2022.02.04-06.07.54:982][  0]LogConfig: Setting CVar [[r.Streaming.LimitPoolSizeToVRAM:0]]
[2022.02.04-06.07.54:982][  0]LogConfig: Setting CVar [[r.Streaming.PoolSize:1000]]
[2022.02.04-06.07.54:982][  0]LogConfig: Setting CVar [[r.Streaming.MaxEffectiveScreenSize:0]]
[2022.02.04-06.07.54:982][  0]LogConfig: Applying CVar settings from Section [EffectsQuality@3] File [C:/Users/rober/Documents/GitHub/MT_RythmGame/Saved/Config/Windows/Scalability.ini]
[2022.02.04-06.07.54:982][  0]LogConfig: Setting CVar [[r.TranslucencyLightingVolumeDim:64]]
[2022.02.04-06.07.54:982][  0]LogConfig: Setting CVar [[r.RefractionQuality:2]]
[2022.02.04-06.07.54:982][  0]LogConfig: Setting CVar [[r.SSR.Quality:3]]
[2022.02.04-06.07.54:982][  0]LogConfig: Setting CVar [[r.SSR.HalfResSceneColor:0]]
[2022.02.04-06.07.54:982][  0]LogConfig: Setting CVar [[r.SceneColorFormat:4]]
[2022.02.04-06.07.54:982][  0]LogConfig: Setting CVar [[r.DetailMode:2]]
[2022.02.04-06.07.54:982][  0]LogConfig: Setting CVar [[r.TranslucencyVolumeBlur:1]]
[2022.02.04-06.07.54:982][  0]LogConfig: Setting CVar [[r.MaterialQualityLevel:1 ; High quality]]
[2022.02.04-06.07.54:982][  0]LogConfig: Setting CVar [[r.AnisotropicMaterials:1]]
[2022.02.04-06.07.54:982][  0]LogConfig: Setting CVar [[r.SSS.Scale:1]]
[2022.02.04-06.07.54:982][  0]LogConfig: Setting CVar [[r.SSS.SampleSet:2]]
[2022.02.04-06.07.54:982][  0]LogConfig: Setting CVar [[r.SSS.Quality:1]]
[2022.02.04-06.07.54:982][  0]LogConfig: Setting CVar [[r.SSS.HalfRes:0]]
[2022.02.04-06.07.54:982][  0]LogConfig: Setting CVar [[r.SSGI.Quality:3]]
[2022.02.04-06.07.54:982][  0]LogConfig: Setting CVar [[r.EmitterSpawnRateScale:1.0]]
[2022.02.04-06.07.54:982][  0]LogConfig: Setting CVar [[r.ParticleLightQuality:2]]
[2022.02.04-06.07.54:982][  0]LogConfig: Setting CVar [[r.SkyAtmosphere.AerialPerspectiveLUT.FastApplyOnOpaque:1 ; Always have FastSkyLUT 1 in this case to avoid wrong sky]]
[2022.02.04-06.07.54:982][  0]LogConfig: Setting CVar [[r.SkyAtmosphere.AerialPerspectiveLUT.SampleCountMaxPerSlice:4]]
[2022.02.04-06.07.54:982][  0]LogConfig: Setting CVar [[r.SkyAtmosphere.AerialPerspectiveLUT.DepthResolution:16.0]]
[2022.02.04-06.07.54:982][  0]LogConfig: Setting CVar [[r.SkyAtmosphere.FastSkyLUT:1]]
[2022.02.04-06.07.54:982][  0]LogConfig: Setting CVar [[r.SkyAtmosphere.FastSkyLUT.SampleCountMin:4.0]]
[2022.02.04-06.07.54:982][  0]LogConfig: Setting CVar [[r.SkyAtmosphere.FastSkyLUT.SampleCountMax:128.0]]
[2022.02.04-06.07.54:982][  0]LogConfig: Setting CVar [[r.SkyAtmosphere.SampleCountMin:4.0]]
[2022.02.04-06.07.54:982][  0]LogConfig: Setting CVar [[r.SkyAtmosphere.SampleCountMax:128.0]]
[2022.02.04-06.07.54:982][  0]LogConfig: Setting CVar [[r.SkyAtmosphere.TransmittanceLUT.UseSmallFormat:0]]
[2022.02.04-06.07.54:982][  0]LogConfig: Setting CVar [[r.SkyAtmosphere.TransmittanceLUT.SampleCount:10.0]]
[2022.02.04-06.07.54:982][  0]LogConfig: Setting CVar [[r.SkyAtmosphere.MultiScatteringLUT.SampleCount:15.0]]
[2022.02.04-06.07.54:982][  0]LogConfig: Setting CVar [[r.SkyLight.RealTimeReflectionCapture:1]]
[2022.02.04-06.07.54:982][  0]LogConfig: Applying CVar settings from Section [FoliageQuality@3] File [C:/Users/rober/Documents/GitHub/MT_RythmGame/Saved/Config/Windows/Scalability.ini]
[2022.02.04-06.07.54:982][  0]LogConfig: Setting CVar [[foliage.DensityScale:1.0]]
[2022.02.04-06.07.54:982][  0]LogConfig: Setting CVar [[grass.DensityScale:1.0]]
[2022.02.04-06.07.54:982][  0]LogConfig: Applying CVar settings from Section [ShadingQuality@3] File [C:/Users/rober/Documents/GitHub/MT_RythmGame/Saved/Config/Windows/Scalability.ini]
[2022.02.04-06.07.54:982][  0]LogConfig: Setting CVar [[r.HairStrands.SkyLighting.IntegrationType:2]]
[2022.02.04-06.07.54:982][  0]LogConfig: Setting CVar [[r.HairStrands.SkyAO.SampleCount:4]]
[2022.02.04-06.07.54:982][  0]LogConfig: Setting CVar [[r.HairStrands.Visibility.MSAA.SamplePerPixel:4]]
[2022.02.04-06.07.54:982][  0]LogConfig: Applying CVar settings from Section [Startup] File [../../../Engine/Config/ConsoleVariables.ini]
[2022.02.04-06.07.54:986][  0]LogConfig: Setting CVar [[net.UseAdaptiveNetUpdateFrequency:0]]
[2022.02.04-06.07.54:986][  0]LogConfig: Setting CVar [[p.chaos.AllowCreatePhysxBodies:1]]
[2022.02.04-06.07.54:986][  0]LogConfig: Setting CVar [[fx.SkipVectorVMBackendOptimizations:1]]
[2022.02.04-06.07.54:986][  0]LogConfig: Applying CVar settings from Section [ConsoleVariables] File [C:/Users/rober/Documents/GitHub/MT_RythmGame/Saved/Config/Windows/Engine.ini]
[2022.02.04-06.07.54:987][  0]LogConfig: Applying CVar settings from Section [ConsoleVariables] File [C:/Users/rober/Documents/GitHub/MT_RythmGame/Saved/Config/Windows/Editor.ini]
[2022.02.04-06.07.54:987][  0]LogInit: Computer: LAPTOP-0B1U93VA
[2022.02.04-06.07.54:987][  0]LogInit: User: rober
[2022.02.04-06.07.54:987][  0]LogInit: CPU Page size=4096, Cores=8
[2022.02.04-06.07.54:987][  0]LogInit: High frequency timer resolution =10.000000 MHz
[2022.02.04-06.07.54:987][  0]LogMemory: Memory total: Physical=15.8GB (16GB approx)
[2022.02.04-06.07.54:987][  0]LogMemory: Platform Memory Stats for Windows
[2022.02.04-06.07.54:987][  0]LogMemory: Process Physical Memory: 148.57 MB used, 148.57 MB peak
[2022.02.04-06.07.54:987][  0]LogMemory: Process Virtual Memory: 131.04 MB used, 131.04 MB peak
[2022.02.04-06.07.54:987][  0]LogMemory: Physical Memory: 8904.28 MB used,  7247.02 MB free, 16151.30 MB total
[2022.02.04-06.07.54:987][  0]LogMemory: Virtual Memory: 134203448.00 MB used,  14277.42 MB free, 134217728.00 MB total
[2022.02.04-06.07.55:016][  0]LogWindows: WindowsPlatformFeatures enabled
[2022.02.04-06.07.55:184][  0]LogInit: Physics initialised using underlying interface: PhysX
[2022.02.04-06.07.55:185][  0]LogInit: Using OS detected language (en-US).
[2022.02.04-06.07.55:185][  0]LogInit: Using OS detected locale (en-US).
[2022.02.04-06.07.55:194][  0]LogTextLocalizationManager: No specific localization for 'en-US' exists, so the 'en' localization will be used.
[2022.02.04-06.07.55:418][  0]LogInit: Setting process to per monitor DPI aware
[2022.02.04-06.07.55:440][  0]LogWindowsTextInputMethodSystem: Display: IME system deactivated.
[2022.02.04-06.07.55:486][  0]LogSlate: New Slate User Created.  User Index 0, Is Virtual User: 0
[2022.02.04-06.07.55:486][  0]LogSlate: Slate User Registered.  User Index 0, Is Virtual User: 0
[2022.02.04-06.07.56:928][  0]LogD3D11RHI: Loaded GFSDK_Aftermath_Lib.x64.dll
[2022.02.04-06.07.56:941][  0]LogHMD: Failed to initialize OpenVR with code 110
[2022.02.04-06.07.56:941][  0]LogD3D11RHI: D3D11 min allowed feature level: 11_0
[2022.02.04-06.07.56:941][  0]LogD3D11RHI: D3D11 max allowed feature level: 11_0
[2022.02.04-06.07.56:941][  0]LogD3D11RHI: D3D11 adapters:
[2022.02.04-06.07.57:022][  0]LogD3D11RHI:    0. 'NVIDIA GeForce RTX 3050 Laptop GPU' (Feature Level 11_0)
[2022.02.04-06.07.57:022][  0]LogD3D11RHI:       3991/0/8075 MB DedicatedVideo/DedicatedSystem/SharedSystem, Outputs:1, VendorId:0x10de
[2022.02.04-06.07.57:059][  0]LogD3D11RHI:    1. 'Intel(R) UHD Graphics' (Feature Level 11_0)
[2022.02.04-06.07.57:059][  0]LogD3D11RHI:       128/0/8075 MB DedicatedVideo/DedicatedSystem/SharedSystem, Outputs:0, VendorId:0x8086
[2022.02.04-06.07.57:061][  0]LogD3D11RHI:    2. 'Microsoft Basic Render Driver' (Feature Level 11_0)
[2022.02.04-06.07.57:061][  0]LogD3D11RHI:       0/0/8075 MB DedicatedVideo/DedicatedSystem/SharedSystem, Outputs:0, VendorId:0x1414
[2022.02.04-06.07.57:061][  0]LogD3D11RHI: Chosen D3D11 Adapter:
[2022.02.04-06.07.57:061][  0]LogD3D11RHI:     Description : NVIDIA GeForce RTX 3050 Laptop GPU
[2022.02.04-06.07.57:061][  0]LogD3D11RHI:     VendorId    : 10de
[2022.02.04-06.07.57:061][  0]LogD3D11RHI:     DeviceId    : 25e2
[2022.02.04-06.07.57:061][  0]LogD3D11RHI:     SubSysId    : 3e8717aa
[2022.02.04-06.07.57:061][  0]LogD3D11RHI:     Revision    : 00a1
[2022.02.04-06.07.57:061][  0]LogD3D11RHI:     DedicatedVideoMemory : 4184866816 bytes
[2022.02.04-06.07.57:061][  0]LogD3D11RHI:     DedicatedSystemMemory : 0 bytes
[2022.02.04-06.07.57:061][  0]LogD3D11RHI:     SharedSystemMemory : 8467935232 bytes
[2022.02.04-06.07.57:061][  0]LogD3D11RHI:     AdapterLuid : 0 57691
[2022.02.04-06.07.57:067][  0]LogD3D11RHI: Creating new Direct3DDevice
[2022.02.04-06.07.57:067][  0]LogD3D11RHI:     GPU DeviceId: 0x25e2 (for the marketing name, search the web for "GPU Device Id")
[2022.02.04-06.07.57:067][  0]LogWindows: EnumDisplayDevices:
[2022.02.04-06.07.57:067][  0]LogWindows:    0. 'Intel(R) UHD Graphics' (P:1 D:1)
[2022.02.04-06.07.57:067][  0]LogWindows:    1. 'Intel(R) UHD Graphics' (P:0 D:0)
[2022.02.04-06.07.57:067][  0]LogWindows:    2. 'Intel(R) UHD Graphics' (P:0 D:0)
[2022.02.04-06.07.57:067][  0]LogWindows:    3. 'Intel(R) UHD Graphics' (P:0 D:0)
[2022.02.04-06.07.57:067][  0]LogWindows:    4. 'NVIDIA GeForce RTX 3050 Laptop GPU' (P:0 D:0)
[2022.02.04-06.07.57:067][  0]LogWindows:    5. 'NVIDIA GeForce RTX 3050 Laptop GPU' (P:0 D:0)
[2022.02.04-06.07.57:068][  0]LogWindows:    6. 'NVIDIA GeForce RTX 3050 Laptop GPU' (P:0 D:0)
[2022.02.04-06.07.57:068][  0]LogWindows:    7. 'NVIDIA GeForce RTX 3050 Laptop GPU' (P:0 D:0)
[2022.02.04-06.07.57:068][  0]LogWindows: DebugString: PrimaryIsNotTheChoosenAdapter PrimaryIsNotTheChoosenAdapter PrimaryIsNotTheChoosenAdapter PrimaryIsNotTheChoosenAdapter FoundDriverCount:4 
[2022.02.04-06.07.57:068][  0]LogD3D11RHI:     Adapter Name: NVIDIA GeForce RTX 3050 Laptop GPU
[2022.02.04-06.07.57:068][  0]LogD3D11RHI:   Driver Version: 471.99 (internal:30.0.14.7199, unified:471.99)
[2022.02.04-06.07.57:068][  0]LogD3D11RHI:      Driver Date: 9-5-2021
[2022.02.04-06.07.57:068][  0]LogRHI: Texture pool is 2793 MB (70% of 3991 MB)
[2022.02.04-06.07.57:068][  0]LogD3D11RHI: Creating D3DDevice using adapter:
[2022.02.04-06.07.57:068][  0]LogD3D11RHI:     Description : NVIDIA GeForce RTX 3050 Laptop GPU
[2022.02.04-06.07.57:068][  0]LogD3D11RHI:     VendorId    : 10de
[2022.02.04-06.07.57:068][  0]LogD3D11RHI:     DeviceId    : 25e2
[2022.02.04-06.07.57:068][  0]LogD3D11RHI:     SubSysId    : 3e8717aa
[2022.02.04-06.07.57:068][  0]LogD3D11RHI:     Revision    : 00a1
[2022.02.04-06.07.57:068][  0]LogD3D11RHI:     DedicatedVideoMemory : 4184866816 bytes
[2022.02.04-06.07.57:068][  0]LogD3D11RHI:     DedicatedSystemMemory : 0 bytes
[2022.02.04-06.07.57:068][  0]LogD3D11RHI:     SharedSystemMemory : 8467935232 bytes
[2022.02.04-06.07.57:068][  0]LogD3D11RHI:     AdapterLuid : 0 57691
[2022.02.04-06.07.57:128][  0]LogD3D11RHI: RHI has support for 64 bit atomics
[2022.02.04-06.07.57:128][  0]LogD3D11RHI: Async texture creation enabled
[2022.02.04-06.07.57:128][  0]LogD3D11RHI: Array index from any shader is supported
[2022.02.04-06.07.57:150][  0]LogD3D11RHI: GPU Timing Frequency: 1000.000000 (Debug: 2 1)
[2022.02.04-06.07.57:182][  0]LogRHI: GeForceNow SDK initialized: 1
[2022.02.04-06.07.57:446][  0]LogTargetPlatformManager: Display: Loaded TargetPlatform 'AllDesktop'
[2022.02.04-06.07.57:467][  0]LogTargetPlatformManager: Display: Loaded TargetPlatform 'Android'
[2022.02.04-06.07.57:467][  0]LogTargetPlatformManager: Display: Loaded TargetPlatform 'Android_ASTC'
[2022.02.04-06.07.57:467][  0]LogTargetPlatformManager: Display: Loaded TargetPlatform 'Android_DXT'
[2022.02.04-06.07.57:467][  0]LogTargetPlatformManager: Display: Loaded TargetPlatform 'Android_ETC2'
[2022.02.04-06.07.57:467][  0]LogTargetPlatformManager: Display: Loaded TargetPlatform 'AndroidClient'
[2022.02.04-06.07.57:467][  0]LogTargetPlatformManager: Display: Loaded TargetPlatform 'Android_ASTCClient'
[2022.02.04-06.07.57:467][  0]LogTargetPlatformManager: Display: Loaded TargetPlatform 'Android_DXTClient'
[2022.02.04-06.07.57:467][  0]LogTargetPlatformManager: Display: Loaded TargetPlatform 'Android_ETC2Client'
[2022.02.04-06.07.57:467][  0]LogTargetPlatformManager: Display: Loaded TargetPlatform 'Android_Multi'
[2022.02.04-06.07.57:467][  0]LogTargetPlatformManager: Display: Loaded TargetPlatform 'Android_MultiClient'
[2022.02.04-06.07.57:485][  0]LogTargetPlatformManager: Display: Loaded TargetPlatform 'IOSClient'
[2022.02.04-06.07.57:485][  0]LogTargetPlatformManager: Display: Loaded TargetPlatform 'IOS'
[2022.02.04-06.07.57:501][  0]LogTargetPlatformManager: Display: Loaded TargetPlatform 'Linux'
[2022.02.04-06.07.57:505][  0]LogTargetPlatformManager: Display: Loaded TargetPlatform 'LinuxNoEditor'
[2022.02.04-06.07.57:509][  0]LogTargetPlatformManager: Display: Loaded TargetPlatform 'LinuxClient'
[2022.02.04-06.07.57:514][  0]LogTargetPlatformManager: Display: Loaded TargetPlatform 'LinuxServer'
[2022.02.04-06.07.57:526][  0]LogTargetPlatformManager: Display: Loaded TargetPlatform 'LinuxAArch64NoEditor'
[2022.02.04-06.07.57:530][  0]LogTargetPlatformManager: Display: Loaded TargetPlatform 'LinuxAArch64Client'
[2022.02.04-06.07.57:534][  0]LogTargetPlatformManager: Display: Loaded TargetPlatform 'LinuxAArch64Server'
[2022.02.04-06.07.57:557][  0]LogTargetPlatformManager: Display: Loaded TargetPlatform 'Lumin'
[2022.02.04-06.07.57:557][  0]LogTargetPlatformManager: Display: Loaded TargetPlatform 'LuminClient'
[2022.02.04-06.07.57:571][  0]LogTargetPlatformManager: Display: Loaded TargetPlatform 'MacNoEditor'
[2022.02.04-06.07.57:575][  0]LogTargetPlatformManager: Display: Loaded TargetPlatform 'Mac'
[2022.02.04-06.07.57:579][  0]LogTargetPlatformManager: Display: Loaded TargetPlatform 'MacClient'
[2022.02.04-06.07.57:582][  0]LogTargetPlatformManager: Display: Loaded TargetPlatform 'MacServer'
[2022.02.04-06.07.57:590][  0]LogTargetPlatformManager: Display: Loaded TargetPlatform 'TVOSClient'
[2022.02.04-06.07.57:590][  0]LogTargetPlatformManager: Display: Loaded TargetPlatform 'TVOS'
[2022.02.04-06.07.57:598][  0]LogTargetPlatformManager: Display: Loaded TargetPlatform 'WindowsNoEditor'
[2022.02.04-06.07.57:602][  0]LogTargetPlatformManager: Display: Loaded TargetPlatform 'Windows'
[2022.02.04-06.07.57:606][  0]LogTargetPlatformManager: Display: Loaded TargetPlatform 'WindowsClient'
[2022.02.04-06.07.57:610][  0]LogTargetPlatformManager: Display: Loaded TargetPlatform 'WindowsServer'
[2022.02.04-06.07.57:610][  0]LogTargetPlatformManager: Display: Building Assets For Windows
[2022.02.04-06.07.57:653][  0]LogAudioDebug: Display: Lib vorbis DLL was dynamically loaded.
[2022.02.04-06.07.57:710][  0]LogTextureFormatOodle: Display: Oodle Texture 2.9.0 init RDO Off
[2022.02.04-06.07.57:796][  0]LogRendererCore: Ray tracing is disabled. Reason: r.RayTracing=0.
[2022.02.04-06.07.57:796][  0]LogShaderCompilers: Guid format shader working directory is -14 characters bigger than the processId version (../../../../../../Users/rober/Documents/GitHub/MT_RythmGame/Intermediate/Shaders/WorkingDirectory/10516/).
[2022.02.04-06.07.57:797][  0]LogShaderCompilers: Cleaned the shader compiler working directory 'C:/Users/rober/AppData/Local/Temp/UnrealShaderWorkingDir/328493104B19EAD189692B90A78272B8/'.
[2022.02.04-06.07.57:797][  0]LogXGEController: Cannot use XGE Controller as Incredibuild is not installed on this machine.
[2022.02.04-06.07.57:797][  0]LogShaderCompilers: Cannot use XGE Shader Compiler as Incredibuild is not installed on this machine.
[2022.02.04-06.07.57:797][  0]LogShaderCompilers: Display: Using Local Shader Compiler.
[2022.02.04-06.08.00:158][  0]LogDerivedDataCache: Display: Max Cache Size: 512 MB
[2022.02.04-06.08.00:245][  0]LogDerivedDataCache: Loaded boot cache 0.09s 103MB C:/Users/rober/AppData/Local/UnrealEngine/4.27/DerivedDataCache/Boot.ddc.
[2022.02.04-06.08.00:245][  0]LogDerivedDataCache: Display: Loaded Boot cache: C:/Users/rober/AppData/Local/UnrealEngine/4.27/DerivedDataCache/Boot.ddc
[2022.02.04-06.08.00:245][  0]LogDerivedDataCache: FDerivedDataBackendGraph:  Pak pak cache file ../../../../../../Users/rober/Documents/GitHub/MT_RythmGame/DerivedDataCache/DDC.ddp not found, will not use a pak cache.
[2022.02.04-06.08.00:245][  0]LogDerivedDataCache: Unable to find inner node Pak for hierarchical cache Hierarchy.
[2022.02.04-06.08.00:246][  0]LogDerivedDataCache: FDerivedDataBackendGraph:  CompressedPak pak cache file ../../../../../../Users/rober/Documents/GitHub/MT_RythmGame/DerivedDataCache/Compressed.ddp not found, will not use a pak cache.
[2022.02.04-06.08.00:246][  0]LogDerivedDataCache: Unable to find inner node CompressedPak for hierarchical cache Hierarchy.
[2022.02.04-06.08.00:267][  0]LogDerivedDataCache: Display: Pak cache opened for reading ../../../Engine/DerivedDataCache/Compressed.ddp.
[2022.02.04-06.08.00:267][  0]LogDerivedDataCache: FDerivedDataBackendGraph:  EnterprisePak pak cache file ../../../Enterprise/DerivedDataCache/Compressed.ddp not found, will not use a pak cache.
[2022.02.04-06.08.00:267][  0]LogDerivedDataCache: Unable to find inner node EnterprisePak for hierarchical cache Hierarchy.
[2022.02.04-06.08.00:272][  0]LogDerivedDataCache: Speed tests for C:/Users/rober/AppData/Local/UnrealEngine/Common/DerivedDataCache took 0.00 seconds
[2022.02.04-06.08.00:272][  0]LogDerivedDataCache: Display: Performance to C:/Users/rober/AppData/Local/UnrealEngine/Common/DerivedDataCache: Latency=0.02ms. RandomReadSpeed=2111.01MBs, RandomWriteSpeed=216.55MBs. Assigned SpeedClass 'Local'
[2022.02.04-06.08.00:273][  0]LogDerivedDataCache: Using Local data cache path C:/Users/rober/AppData/Local/UnrealEngine/Common/DerivedDataCache: Writable
[2022.02.04-06.08.00:273][  0]LogDerivedDataCache: Shared data cache path not found in *engine.ini, will not use an Shared cache.
[2022.02.04-06.08.00:273][  0]LogDerivedDataCache: Unable to find inner node Shared for hierarchical cache Hierarchy.
[2022.02.04-06.08.00:315][  0]LogSlate: Using FreeType 2.10.0
[2022.02.04-06.08.00:327][  0]LogSlate: SlateFontServices - WITH_FREETYPE: 1, WITH_HARFBUZZ: 1
[2022.02.04-06.08.00:354][  0]LogAssetRegistry: FAssetRegistry took 0.0035 seconds to start up
[2022.02.04-06.08.00:613][  0]LogInit: Selected Device Profile: [Windows]
[2022.02.04-06.08.00:613][  0]LogInit: Active device profile: [000001A8F3C2AB00][000001A8F2527580 49] Windows
[2022.02.04-06.08.00:613][  0]LogInit: Profiles: [000001A8F3C2AB00][000001A8F2527580 49] Windows, [000001A8F3BD6F00][000001A8F371F700 49] WindowsNoEditor, [000001A8F3C2B600][000001A8F3723880 49] WindowsServer, [000001A8F3BD4B00][000001A8F3727A00 49] WindowsClient, [000001A8F3C28B00][000001A8F372BB80 49] IOS, [000001A8F3BD7600][000001A8F372E180 49] iPadAir, [000001A8F3C2A800][000001A8F3732300 49] iPadAir2, [000001A8F3B82500][000001A8F373A5C0 49] IPadPro, [000001A8F3B82600][000001A8F3736600 49] iPadAir3, [000001A8F3C28600][000001A8F252A740 49] iPadAir4, [000001A8F3B82E00][000001A8F373E880 49] iPadMini2, [000001A8F3C2B700][000001A8F37429C0 49] iPadMini3, [000001A8F3B82F00][000001A8F3746B00 49] iPadMini4, [000001A8F3C29400][000001A8F374EC80 49] iPadMini5, [000001A8F3BB5E00][000001A8F3756F40 49] iPhone6, [000001A8F3BB5F00][000001A8F3752F80 49] iPodTouch6, [000001A8F3B82C00][000001A8F375F240 49] iPhone7, [000001A8F3B81D00][000001A8F375B280 49] iPodTouch7, [000001A8F3BB4100][000001A8F3763400 49] iPhone5S, [000001A8F3B82300][000001A8F3767580 49] iPhone6Plus, [000001A8F3BB6900][000001A8F376B700 49] iPhone6S, [000001A8F3B82100][000001A8F376F880 49] iPhone6SPlus, [000001A8F3BB4E00][000001A8F3773A00 49] iPhone7Plus, [000001A8F3B81500][000001A8F3777B80 49] iPhoneSE, [000001A8F3BB5200][000001A8F377A180 49] iPhone8, [000001A8F3B83600][000001A8F377E300 49] iPhone8Plus, [000001A8F3BB4D00][000001A8F3782480 49] iPhoneX, [000001A8F3B83400][000001A8F3786600 49] iPhoneXS, [000001A8F3BB5D00][000001A8F378A780 49] iPhoneXSMax, [000001A8F3B80E00][000001A8F378E900 49] iPhoneXR, [000001A8F3BB5C00][000001A8F374AA40 49] iPhone11, [000001A8F3B83100][000001A8F3792B80 49] iPhone11Pro, [000001A8F3BB6200][000001A8F3796CC0 49] iPhone11ProMax, [000001A8F3B81F00][000001A8F379EE40 49] iPhoneSE2, [000001A8F3BB4700][000001A8F37A2FC0 49] iPhone12Mini, [000001A8F3B80200][000001A8F37A7140 49] iPhone12, [000001A8F3BB4600][000001A8F37BD2C0 49] iPhone12Pro, [000001A8F3B80300][000001A8F37C1440 49] iPhone12ProMax, [000001A8F3BB6000][000001A8F37C55C0 49] iPadPro105, [000001A8F3B80F00][000001A8F37C9740 49] iPadPro129, [000001A8F3BB6500][000001A8F37CD8C0 49] iPadPro97, [000001A8F3B81800][000001A8F37D1A40 49] iPadPro2_129, [000001A8F3BB4B00][000001A8F37D5BC0 49] iPad5, [000001A8F3B83200][000001A8F37D81C0 49] iPad6, [000001A8F3BB5900][000001A8F37DC340 49] iPad7, [000001A8F3B83E00][000001A8F37E04C0 49] iPad8, [000001A8F3BB7E00][000001A8F37E4640 49] iPadPro11, [000001A8F3B83C00][000001A8F37E87C0 49] iPadPro2_11, [000001A8F3BD7100][000001A8F37EC940 49] iPadPro3_129, [000001A8F3C8D100][000001A8F37F0AC0 49] iPadPro4_129, [000001A8F3BD6A00][000001A8F379AC00 49] AppleTV, [000001A8F3C8C900][000001A8F37F4D40 49] AppleTV4K, [000001A8F3BD4A00][000001A8F3868E80 49] TVOS, [000001A8F3C8D700][000001A8F386CFC0 49] Mac, [000001A8F3BD4E00][000001A8F387D140 49] MacClient, [000001A8F3C8D000][000001A8F38812C0 49] MacNoEditor, [000001A8F3BD4F00][000001A8F3885440 49] MacServer, [000001A8F3C8C500][000001A8F38895C0 49] Linux, [000001A8F3BD4700][000001A8F388D740 49] LinuxAArch64, [000001A8F3C8DD00][000001A8F38918C0 49] LinuxNoEditor, [000001A8F3BD7D00][000001A8F3895A40 49] LinuxAArch64NoEditor, [000001A8F3C8CF00][000001A8F3899BC0 49] LinuxClient, [000001A8F3BD6900][000001A8F389C1C0 49] LinuxAArch64Client, [000001A8F3C8D500][000001A8F38A0340 49] LinuxServer, [000001A8F3B80100][000001A8F38A44C0 49] LinuxAArch64Server, [000001A8F3BB6800][000001A8F38A8640 49] Android, [000001A8F3B83A00][000001A8F38AC7C0 49] Android_Low, [000001A8F3BB5700][000001A8F38DC940 49] Android_Mid, [000001A8F3B80700][000001A8F38E4AC0 49] Android_High, [000001A8F3BB4F00][000001A8F38E8C40 49] Android_Default, [000001A8F3B81100][000001A8F3878D80 49] Android_Adreno4xx, [000001A8F3BB6A00][000001A8F3930EC0 49] Android_Adreno5xx_Low, [000001A8F3B81000][000001A8F393D000 49] Android_Adreno5xx, [000001A8F3BB7800][000001A8E9331140 49] Android_Adreno6xx, [000001A8F3B83500][000001A8E93392C0 49] Android_Adreno6xx_Vulkan, [000001A8F3BB4300][000001A8E933D440 49] Android_Mali_T6xx, [000001A8F3B81A00][000001A8E93455C0 49] Android_Mali_T7xx, [000001A8F3C8DC00][000001A8E9355740 49] Android_Mali_T8xx, [000001A8F3B82A00][000001A8E935D8C0 49] Android_Mali_G71, [000001A8F3C8C400][000001A8E9361A40 49] Android_Mali_G72, [000001A8F3B83F00][000001A8E9365BC0 49] Android_Mali_G72_Vulkan, [000001A8F3C8DF00][000001A8E93681C0 49] Android_Mali_G76, [000001A8F3B82D00][000001A8E936C340 49] Android_Mali_G76_Vulkan, [000001A8F3C8D300][000001A8E93704C0 49] Android_Mali_G77, [000001A8F3B83800][000001A8E9374640 49] Android_Mali_G77_Vulkan, [000001A8F3BB5B00][000001A8E93787C0 49] Android_Mali_G78, [000001A8F3B83000][000001A8E937C940 49] Android_Mali_G78_Vulkan, [000001A8F3BB7000][000001A8E9380AC0 49] Android_Mali_G710, [000001A8F3B81700][000001A8E9384C40 49] Android_Mali_G710_Vulkan, [000001A8F3BB5600][000001A8E9388DC0 49] Android_Vulkan_SM5, [000001A8F3B83700][000001A8E938CF40 49] Android_PowerVR_G6xxx, [000001A8F3BB5000][000001A8E9335080 49] Android_PowerVR_GT7xxx, [000001A8F3B80A00][000001A8F22411C0 49] Android_PowerVR_GE8xxx, [000001A8F3BB7C00][000001A8F2245300 49] Android_PowerVR_GM9xxx, [000001A8F3B80900][000001A8F224D480 49] Android_PowerVR_GM9xxx_Vulkan, [000001A8F3BB7100][000001A8F2251600 49] Android_TegraK1, [000001A8F3B82700][000001A8F2255780 49] Android_Unknown_Vulkan, [000001A8F3BB4500][000001A8F2259900 49] Lumin, [000001A8F3B82800][000001A8F225DA80 49] Lumin_Desktop, [000001A8F3BB6300][000001A8F2261C00 49] HoloLens, 
[2022.02.04-06.08.00:832][  0]LogMeshReduction: Using QuadricMeshReduction for automatic static mesh reduction
[2022.02.04-06.08.00:832][  0]LogMeshReduction: Using SimplygonMeshReduction for automatic skeletal mesh reduction
[2022.02.04-06.08.00:832][  0]LogMeshReduction: Using ProxyLODMeshReduction for automatic mesh merging
[2022.02.04-06.08.00:832][  0]LogMeshReduction: No distributed automatic mesh merging module available
[2022.02.04-06.08.00:833][  0]LogMeshMerging: No distributed automatic mesh merging module available
[2022.02.04-06.08.00:873][  0]LogNetVersion: MT_Rythm 1.0.0, NetCL: 17155196, EngineNetVer: 17, GameNetVer: 0 (Checksum: 3182754129)
[2022.02.04-06.08.01:763][  0]LogTexture: Default maximum texture size for cubemaps generated from long-lat sources has been changed from 512 to unlimited. In order to preserve old behaiour for '/Engine/MapTemplates/Sky/DaylightAmbientCubemap.DaylightAmbientCubemap', its maximum texture size has been explicitly set to 512.
[2022.02.04-06.08.01:866][  0]LogHMD: PokeAHoleMaterial loaded successfully
[2022.02.04-06.08.01:871][  0]LogUObjectArray: 17178 objects as part of root set at end of initial load.
[2022.02.04-06.08.01:871][  0]LogUObjectAllocator: 4302048 out of 0 bytes used by permanent object pool.
[2022.02.04-06.08.01:871][  0]LogUObjectArray: CloseDisregardForGC: 0/0 objects in disregard for GC pool
[2022.02.04-06.08.02:166][  0]LogNiagaraDebuggerClient: Niagara Debugger Client Initialized | Session: 3895578F4798B772B45C8F983EA6ED0D | Instance: 5E9B3BFB4FE31C6BAA4FDA947CD95D5A (LAPTOP-0B1U93VA-10516).
[2022.02.04-06.08.02:623][  0]LogTcpMessaging: Initializing TcpMessaging bridge
[2022.02.04-06.08.02:629][  0]LogUdpMessaging: Initializing bridge on interface 0.0.0.0:0 to multicast group 230.0.0.1:6666.
[2022.02.04-06.08.02:652][  0]LogPython: Using Python 3.7.7
[2022.02.04-06.08.03:526][  0]SourceControl: Source control is disabled
[2022.02.04-06.08.03:848][  0]LogUProjectInfo: Found projects:
[2022.02.04-06.08.04:047][  0]LogOpenImageDenoise: OIDN starting up
[2022.02.04-06.08.04:067][  0]LogAndroidPermission: UAndroidPermissionCallbackProxy::GetInstance
[2022.02.04-06.08.04:073][  0]LogAudioCaptureCore: Display: No Audio Capture implementations found. Audio input will be silent.
[2022.02.04-06.08.04:073][  0]LogAudioCaptureCore: Display: No Audio Capture implementations found. Audio input will be silent.
[2022.02.04-06.08.04:369][  0]LogCollectionManager: Loaded 0 collections in 0.001460 seconds
[2022.02.04-06.08.04:406][  0]LogFileCache: Scanning file cache for directory 'C:/Users/rober/Documents/GitHub/MT_RythmGame/Saved/Collections/' took 0.00s
[2022.02.04-06.08.04:406][  0]LogFileCache: Scanning file cache for directory 'C:/Users/rober/Documents/GitHub/MT_RythmGame/Content/Developers/rober/Collections/' took 0.00s
[2022.02.04-06.08.04:406][  0]LogFileCache: Scanning file cache for directory 'C:/Users/rober/Documents/GitHub/MT_RythmGame/Content/Collections/' took 0.00s
[2022.02.04-06.08.04:406][  0]LogOcInput: OculusInput pre-init called
[2022.02.04-06.08.04:655][  0]LogEngine: Initializing Engine...
[2022.02.04-06.08.04:691][  0]LogHMD: Failed to enumerate extensions. Please check that you have a valid OpenXR runtime installed.
[2022.02.04-06.08.04:691][  0]LogHMD: Failed to initialize OpenVR with code 110
[2022.02.04-06.08.04:692][  0]LogMagicLeap: Warning: VR disabled because ZI is not enabled.  To enable, in the editor, Edit -> Project Settings -> Plugins -> Magic Leap Plugin -> Enable Zero Iteration
[2022.02.04-06.08.04:693][  0]LogStats: UGameplayTagsManager::InitializeManager -  0.001 s
[2022.02.04-06.08.04:960][  0]LogInit: Initializing FReadOnlyCVARCache
[2022.02.04-06.08.04:981][  0]LogAIModule: Creating AISystem for world Untitled
[2022.02.04-06.08.04:983][  0]LogAudio: Display: Initializing Audio Device Manager...
[2022.02.04-06.08.04:986][  0]LogAudio: Display: Loading Default Audio Settings Objects...
[2022.02.04-06.08.04:990][  0]LogAudio: Display: No default SoundConcurrencyObject specified (or failed to load).
[2022.02.04-06.08.04:991][  0]LogAudio: Display: Audio Device Manager Initialized
[2022.02.04-06.08.04:991][  0]LogAudio: Display: Creating Audio Device:                 Id: 1, Scope: Shared, Realtime: True
[2022.02.04-06.08.04:991][  0]LogAudioMixer: Display: Audio Mixer Platform Settings:
[2022.02.04-06.08.04:991][  0]LogAudioMixer: Display: 	Sample Rate:						  48000
[2022.02.04-06.08.04:991][  0]LogAudioMixer: Display: 	Callback Buffer Frame Size Requested: 1024
[2022.02.04-06.08.04:991][  0]LogAudioMixer: Display: 	Callback Buffer Frame Size To Use:	  1024
[2022.02.04-06.08.04:991][  0]LogAudioMixer: Display: 	Number of buffers to queue:			  2
[2022.02.04-06.08.04:991][  0]LogAudioMixer: Display: 	Max Channels (voices):				  32
[2022.02.04-06.08.04:991][  0]LogAudioMixer: Display: 	Number of Async Source Workers:		  0
[2022.02.04-06.08.04:991][  0]LogAudio: Display: AudioDevice MaxSources: 32
[2022.02.04-06.08.04:992][  0]LogAudio: Display: Audio Spatialization Plugin: None (built-in).
[2022.02.04-06.08.04:992][  0]LogAudio: Display: Audio Reverb Plugin: None (built-in).
[2022.02.04-06.08.04:992][  0]LogAudio: Display: Audio Occlusion Plugin: None (built-in).
[2022.02.04-06.08.04:992][  0]LogAudioMixer: Display: Initializing audio mixer.
[2022.02.04-06.08.05:029][  0]LogAudioMixer: Display: 0: FrontLeft
[2022.02.04-06.08.05:029][  0]LogAudioMixer: Display: 1: FrontRight
[2022.02.04-06.08.05:104][  0]LogAudioMixer: Display: Using Audio Device Headphones (Realtek(R) Audio)
[2022.02.04-06.08.05:108][  0]LogAudioMixer: Display: Initializing Sound Submixes...
[2022.02.04-06.08.05:123][  0]LogAudioMixer: Display: Creating Master Submix 'MasterSubmixDefault'
[2022.02.04-06.08.05:123][  0]LogAudioMixer: Display: Creating Master Submix 'MasterReverbSubmixDefault'
[2022.02.04-06.08.05:124][  0]LogAudioMixer: Display: Creating Master Submix 'MasterEQSubmixDefault'
[2022.02.04-06.08.05:125][  0]LogAudioMixer: FMixerPlatformXAudio2::StartAudioStream() called
[2022.02.04-06.08.05:125][  0]LogAudioMixer: Display: Output buffers initialized: Frames=1024, Channels=2, Samples=2048
[2022.02.04-06.08.05:126][  0]LogAudioMixer: Display: Starting AudioMixerPlatformInterface::RunInternal()
[2022.02.04-06.08.05:126][  0]LogAudioMixer: Display: FMixerPlatformXAudio2::SubmitBuffer() called for the first time
[2022.02.04-06.08.05:126][  0]LogInit: FAudioDevice initialized.
[2022.02.04-06.08.05:126][  0]LogAudio: Display: Audio Device (ID: 1) registered with world 'Untitled'.
[2022.02.04-06.08.05:126][  0]LogNetVersion: Set ProjectVersion to 1.0.0.0. Version Checksum will be recalculated on next use.
[2022.02.04-06.08.05:181][  0]LogDerivedDataCache: Saved boot cache 0.05s 116MB C:/Users/rober/AppData/Local/UnrealEngine/4.27/DerivedDataCache/Boot.ddc.
[2022.02.04-06.08.05:187][  0]LogInit: Texture streaming: Enabled
[2022.02.04-06.08.05:202][  0]LogAnalytics: Display: [UEEditor.Rocket.Release] APIServer = https://datarouter.ol.epicgames.com/. AppVersion = 4.27.2-18319896+++UE4+Release-4.27
[2022.02.04-06.08.05:205][  0]LogEngineSessionManager: EngineSessionManager initialized
[2022.02.04-06.08.05:205][  0]LogEditorSessionSummary: Verbose: Initializing EditorSessionSummaryWriter for editor session tracking
[2022.02.04-06.08.05:206][  0]LogEditorSessionSummary: EditorSessionSummaryWriter initialized
[2022.02.04-06.08.05:231][  0]LogInit: Transaction tracking system initialized
[2022.02.04-06.08.05:259][  0]BlueprintLog: New page: Editor Load
[2022.02.04-06.08.05:344][  0]LocalizationService: Localization service is disabled
[2022.02.04-06.08.05:377][  0]TimingProfiler: Initialize
[2022.02.04-06.08.05:378][  0]TimingProfiler: OnSessionChanged
[2022.02.04-06.08.05:378][  0]LoadingProfiler: Initialize
[2022.02.04-06.08.05:379][  0]LoadingProfiler: OnSessionChanged
[2022.02.04-06.08.05:379][  0]NetworkingProfiler: Initialize
[2022.02.04-06.08.05:379][  0]NetworkingProfiler: OnSessionChanged
[2022.02.04-06.08.05:379][  0]MemoryProfiler: Initialize
[2022.02.04-06.08.05:379][  0]MemoryProfiler: OnSessionChanged
[2022.02.04-06.08.05:676][  0]LogCook: Display: CookSettings for Memory: MemoryMaxUsedVirtual 0MiB, MemoryMaxUsedPhysical 16384MiB, MemoryMinFreeVirtual 0MiB, MemoryMinFreePhysical 1024MiB
[2022.02.04-06.08.05:676][  0]LogCook: Display: Mobile HDR setting 1
[2022.02.04-06.08.05:913][  0]LogFileCache: Scanning file cache for directory 'C:/Users/rober/Documents/GitHub/MT_RythmGame/Content/' took 0.01s
[2022.02.04-06.08.06:033][  0]LogInit: Display: Engine is initialized. Leaving FEngineLoop::Init()
[2022.02.04-06.08.06:154][  0]LogSlate: Took 0.004566 seconds to synchronously load lazily loaded font '../../../Engine/Content/Slate/Fonts/Roboto-Regular.ttf' (155K)
[2022.02.04-06.08.10:973][  0]LogSlate: Window 'Restore Packages' being destroyed
[2022.02.04-06.08.11:075][  0]LogUnrealEdMisc: Loading editor; pre map load, took 18.344
[2022.02.04-06.08.11:077][  0]Cmd: MAP LOAD FILE="../../../../../../Users/rober/Documents/GitHub/MT_RythmGame/Content/Levels/Gameplay_Screen.umap" TEMPLATE=0 SHOWPROGRESS=1 FEATURELEVEL=3
[2022.02.04-06.08.11:088][  0]LightingResults: New page: Lighting Build
[2022.02.04-06.08.11:095][  0]LogWorld: UWorld::CleanupWorld for Untitled, bSessionEnded=true, bCleanupResources=true
[2022.02.04-06.08.11:096][  0]LogSlate: InvalidateAllWidgets triggered.  All widgets were invalidated
[2022.02.04-06.08.11:097][  0]MapCheck: New page: Map Check
[2022.02.04-06.08.11:097][  0]LightingResults: New page: Lighting Build
[2022.02.04-06.08.11:105][  0]LogAudio: Display: Audio Device unregistered from world 'None'.
[2022.02.04-06.08.11:112][  0]LogUObjectHash: Compacting FUObjectHashTables data took   1.50ms
[2022.02.04-06.08.11:399][  0]LogTexture: Display: Building textures: Square_That_Shrinks (OODLE_AutoDXT, 200X200)
[2022.02.04-06.08.11:399][  0]LogTexture: Display: Building textures: SliderBoundary (OODLE_AutoDXT, 1000X200)
[2022.02.04-06.08.11:399][  0]LogTexture: Display: Building textures: 4k_Blank_Background (OODLE_AutoDXT, 3840X2160)
[2022.02.04-06.08.11:399][  0]LogTextureFormatOodle: Display: non-RDO encode 3840 x 2160 x 1 to format OODLE_AutoDXT (Oodle OodleTex_BC1_WithTransparency) lambda=0 effort=20 
[2022.02.04-06.08.11:414][  0]LogMaterial: Display: Missing cached shadermap for M_Tech_Hex_Tile_Pulse in PCD3D_SM5, Default, SM5 (DDC key hash: 3AAEB033C1F242EEDBA9902CB163AE5941F83F7B), compiling. 
[2022.02.04-06.08.11:475][  0]LogShaderCompilers: Display: Submitted 50 shader compile jobs with 'Low' priority
[2022.02.04-06.08.11:477][  0]LogShaderCompilers: Display: Worker (1/13): shaders left to compile 50
[2022.02.04-06.08.11:477][  0]LogShaderCompilers: Display: Worker (2/13): shaders left to compile 46
[2022.02.04-06.08.11:477][  0]LogShaderCompilers: Display: Worker (3/13): shaders left to compile 42
[2022.02.04-06.08.11:477][  0]LogShaderCompilers: Display: Worker (4/13): shaders left to compile 38
[2022.02.04-06.08.11:477][  0]LogShaderCompilers: Display: Worker (5/13): shaders left to compile 34
[2022.02.04-06.08.11:477][  0]LogShaderCompilers: Display: Worker (6/13): shaders left to compile 30
[2022.02.04-06.08.11:477][  0]LogShaderCompilers: Display: Worker (7/13): shaders left to compile 26
[2022.02.04-06.08.11:477][  0]LogShaderCompilers: Display: Worker (8/13): shaders left to compile 22
[2022.02.04-06.08.11:477][  0]LogShaderCompilers: Display: Worker (9/13): shaders left to compile 18
[2022.02.04-06.08.11:477][  0]LogShaderCompilers: Display: Worker (10/13): shaders left to compile 14
[2022.02.04-06.08.11:477][  0]LogShaderCompilers: Display: Worker (11/13): shaders left to compile 10
[2022.02.04-06.08.11:477][  0]LogShaderCompilers: Display: Worker (12/13): shaders left to compile 6
[2022.02.04-06.08.11:477][  0]LogShaderCompilers: Display: Worker (13/13): shaders left to compile 2
[2022.02.04-06.08.11:477][  0]LogShaderCompilers: Display: Started 50 'Local' shader compile jobs with 'Low' priority
[2022.02.04-06.08.11:477][  0]LogAudio: Display: Audio Device (ID: 1) registered with world 'Gameplay_Screen'.
[2022.02.04-06.08.11:478][  0]LogAIModule: Creating AISystem for world Gameplay_Screen
[2022.02.04-06.08.11:499][  0]LogEditorServer: Finished looking for orphan Actors (0.000 secs)
[2022.02.04-06.08.11:510][  0]LogUObjectHash: Compacting FUObjectHashTables data took   1.14ms
[2022.02.04-06.08.11:512][  0]Cmd: MAP CHECKDEP NOCLEARLOG
[2022.02.04-06.08.11:513][  0]MapCheck: Map check complete: 0 Error(s), 0 Warning(s), took 0.382ms to complete.
[2022.02.04-06.08.11:513][  0]LogFileHelpers: Loading map 'Gameplay_Screen' took 0.435
[2022.02.04-06.08.11:529][  0]LogUnrealEdMisc: Total Editor Startup Time, took 18.797
[2022.02.04-06.08.11:644][  0]LogSlate: Updating window title bar state: overlay mode, drag disabled, window buttons hidden, title bar hidden
[2022.02.04-06.08.11:658][  0]LogSlate: Updating window title bar state: overlay mode, drag disabled, window buttons hidden, title bar hidden
[2022.02.04-06.08.11:667][  0]LogSlate: Updating window title bar state: overlay mode, drag disabled, window buttons hidden, title bar hidden
[2022.02.04-06.08.11:677][  0]LogSlate: Updating window title bar state: overlay mode, drag disabled, window buttons hidden, title bar hidden
[2022.02.04-06.08.11:717][  0]LogNativeClassHierarchy: Verbose: Native class hierarchy populated in 0.0126 seconds. Added 3822 classes and 928 folders.
[2022.02.04-06.08.11:723][  0]LogNativeClassHierarchy: Verbose: Native class hierarchy updated for 'WidgetCarousel' in 0.0004 seconds. Added 0 classes and 0 folders.
[2022.02.04-06.08.11:733][  0]LogPakFile: PakFile PrimaryIndexSize=187
[2022.02.04-06.08.11:733][  0]LogPakFile: PakFile PathHashIndexSize=101
[2022.02.04-06.08.11:733][  0]LogPakFile: PakFile FullDirectoryIndexSize=148
[2022.02.04-06.08.11:733][  0]LogShaderLibrary: Display: ShaderCodeLibraryPakFileMountedCallback: PakFile 'C:/Program Files/Epic Games/UE_4.27/FeaturePacks/FP_FirstPerson.upack' (chunk index -1, root 'root:/') mounted
[2022.02.04-06.08.11:734][  0]LogShaderLibrary: Display: ShaderCodeLibraryPakFileMountedCallback: pending pak file info (ChunkID:-1 Root:root:/ File:C:/Program Files/Epic Games/UE_4.27/FeaturePacks/FP_FirstPerson.upack)
[2022.02.04-06.08.11:734][  0]LogPakFile: OnPakFileMounted2Time == 0.000075
[2022.02.04-06.08.11:741][  0]LogPakFile: PakFile PrimaryIndexSize=189
[2022.02.04-06.08.11:741][  0]LogPakFile: PakFile PathHashIndexSize=101
[2022.02.04-06.08.11:741][  0]LogPakFile: PakFile FullDirectoryIndexSize=152
[2022.02.04-06.08.11:741][  0]LogShaderLibrary: Display: ShaderCodeLibraryPakFileMountedCallback: PakFile 'C:/Program Files/Epic Games/UE_4.27/FeaturePacks/FP_FirstPersonBP.upack' (chunk index -1, root 'root:/') mounted
[2022.02.04-06.08.11:741][  0]LogShaderLibrary: Display: ShaderCodeLibraryPakFileMountedCallback: pending pak file info (ChunkID:-1 Root:root:/ File:C:/Program Files/Epic Games/UE_4.27/FeaturePacks/FP_FirstPersonBP.upack)
[2022.02.04-06.08.11:741][  0]LogPakFile: OnPakFileMounted2Time == 0.000058
[2022.02.04-06.08.11:746][  0]LogPakFile: PakFile PrimaryIndexSize=191
[2022.02.04-06.08.11:747][  0]LogPakFile: PakFile PathHashIndexSize=101
[2022.02.04-06.08.11:747][  0]LogPakFile: PakFile FullDirectoryIndexSize=160
[2022.02.04-06.08.11:747][  0]LogShaderLibrary: Display: ShaderCodeLibraryPakFileMountedCallback: PakFile 'C:/Program Files/Epic Games/UE_4.27/FeaturePacks/MobileStarterContent.upack' (chunk index -1, root 'root:/') mounted
[2022.02.04-06.08.11:747][  0]LogShaderLibrary: Display: ShaderCodeLibraryPakFileMountedCallback: pending pak file info (ChunkID:-1 Root:root:/ File:C:/Program Files/Epic Games/UE_4.27/FeaturePacks/MobileStarterContent.upack)
[2022.02.04-06.08.11:747][  0]LogPakFile: OnPakFileMounted2Time == 0.000054
[2022.02.04-06.08.11:752][  0]LogPakFile: PakFile PrimaryIndexSize=185
[2022.02.04-06.08.11:752][  0]LogPakFile: PakFile PathHashIndexSize=101
[2022.02.04-06.08.11:752][  0]LogPakFile: PakFile FullDirectoryIndexSize=148
[2022.02.04-06.08.11:752][  0]LogShaderLibrary: Display: ShaderCodeLibraryPakFileMountedCallback: PakFile 'C:/Program Files/Epic Games/UE_4.27/FeaturePacks/StarterContent.upack' (chunk index -1, root 'root:/') mounted
[2022.02.04-06.08.11:752][  0]LogShaderLibrary: Display: ShaderCodeLibraryPakFileMountedCallback: pending pak file info (ChunkID:-1 Root:root:/ File:C:/Program Files/Epic Games/UE_4.27/FeaturePacks/StarterContent.upack)
[2022.02.04-06.08.11:752][  0]LogPakFile: OnPakFileMounted2Time == 0.000066
[2022.02.04-06.08.11:757][  0]LogPakFile: PakFile PrimaryIndexSize=190
[2022.02.04-06.08.11:757][  0]LogPakFile: PakFile PathHashIndexSize=101
[2022.02.04-06.08.11:757][  0]LogPakFile: PakFile FullDirectoryIndexSize=154
[2022.02.04-06.08.11:757][  0]LogShaderLibrary: Display: ShaderCodeLibraryPakFileMountedCallback: PakFile 'C:/Program Files/Epic Games/UE_4.27/FeaturePacks/TP_2DSideScroller.upack' (chunk index -1, root 'root:/') mounted
[2022.02.04-06.08.11:757][  0]LogShaderLibrary: Display: ShaderCodeLibraryPakFileMountedCallback: pending pak file info (ChunkID:-1 Root:root:/ File:C:/Program Files/Epic Games/UE_4.27/FeaturePacks/TP_2DSideScroller.upack)
[2022.02.04-06.08.11:758][  0]LogPakFile: OnPakFileMounted2Time == 0.000055
[2022.02.04-06.08.11:763][  0]LogPakFile: PakFile PrimaryIndexSize=192
[2022.02.04-06.08.11:763][  0]LogPakFile: PakFile PathHashIndexSize=101
[2022.02.04-06.08.11:763][  0]LogPakFile: PakFile FullDirectoryIndexSize=158
[2022.02.04-06.08.11:763][  0]LogShaderLibrary: Display: ShaderCodeLibraryPakFileMountedCallback: PakFile 'C:/Program Files/Epic Games/UE_4.27/FeaturePacks/TP_2DSideScrollerBP.upack' (chunk index -1, root 'root:/') mounted
[2022.02.04-06.08.11:763][  0]LogShaderLibrary: Display: ShaderCodeLibraryPakFileMountedCallback: pending pak file info (ChunkID:-1 Root:root:/ File:C:/Program Files/Epic Games/UE_4.27/FeaturePacks/TP_2DSideScrollerBP.upack)
[2022.02.04-06.08.11:763][  0]LogPakFile: OnPakFileMounted2Time == 0.000048
[2022.02.04-06.08.11:768][  0]LogPakFile: PakFile PrimaryIndexSize=182
[2022.02.04-06.08.11:768][  0]LogPakFile: PakFile PathHashIndexSize=101
[2022.02.04-06.08.11:768][  0]LogPakFile: PakFile FullDirectoryIndexSize=138
[2022.02.04-06.08.11:768][  0]LogShaderLibrary: Display: ShaderCodeLibraryPakFileMountedCallback: PakFile 'C:/Program Files/Epic Games/UE_4.27/FeaturePacks/TP_Flying.upack' (chunk index -1, root 'root:/') mounted
[2022.02.04-06.08.11:768][  0]LogShaderLibrary: Display: ShaderCodeLibraryPakFileMountedCallback: pending pak file info (ChunkID:-1 Root:root:/ File:C:/Program Files/Epic Games/UE_4.27/FeaturePacks/TP_Flying.upack)
[2022.02.04-06.08.11:768][  0]LogPakFile: OnPakFileMounted2Time == 0.000049
[2022.02.04-06.08.11:773][  0]LogPakFile: PakFile PrimaryIndexSize=184
[2022.02.04-06.08.11:774][  0]LogPakFile: PakFile PathHashIndexSize=101
[2022.02.04-06.08.11:774][  0]LogPakFile: PakFile FullDirectoryIndexSize=142
[2022.02.04-06.08.11:774][  0]LogShaderLibrary: Display: ShaderCodeLibraryPakFileMountedCallback: PakFile 'C:/Program Files/Epic Games/UE_4.27/FeaturePacks/TP_FlyingBP.upack' (chunk index -1, root 'root:/') mounted
[2022.02.04-06.08.11:774][  0]LogShaderLibrary: Display: ShaderCodeLibraryPakFileMountedCallback: pending pak file info (ChunkID:-1 Root:root:/ File:C:/Program Files/Epic Games/UE_4.27/FeaturePacks/TP_FlyingBP.upack)
[2022.02.04-06.08.11:774][  0]LogPakFile: OnPakFileMounted2Time == 0.000048
[2022.02.04-06.08.11:779][  0]LogPakFile: PakFile PrimaryIndexSize=188
[2022.02.04-06.08.11:780][  0]LogPakFile: PakFile PathHashIndexSize=101
[2022.02.04-06.08.11:780][  0]LogPakFile: PakFile FullDirectoryIndexSize=150
[2022.02.04-06.08.11:780][  0]LogShaderLibrary: Display: ShaderCodeLibraryPakFileMountedCallback: PakFile 'C:/Program Files/Epic Games/UE_4.27/FeaturePacks/TP_HandheldARBP.upack' (chunk index -1, root 'root:/') mounted
[2022.02.04-06.08.11:780][  0]LogShaderLibrary: Display: ShaderCodeLibraryPakFileMountedCallback: pending pak file info (ChunkID:-1 Root:root:/ File:C:/Program Files/Epic Games/UE_4.27/FeaturePacks/TP_HandheldARBP.upack)
[2022.02.04-06.08.11:780][  0]LogPakFile: OnPakFileMounted2Time == 0.000042
[2022.02.04-06.08.11:787][  0]LogPakFile: PakFile PrimaryIndexSize=182
[2022.02.04-06.08.11:787][  0]LogPakFile: PakFile PathHashIndexSize=101
[2022.02.04-06.08.11:787][  0]LogPakFile: PakFile FullDirectoryIndexSize=138
[2022.02.04-06.08.11:787][  0]LogShaderLibrary: Display: ShaderCodeLibraryPakFileMountedCallback: PakFile 'C:/Program Files/Epic Games/UE_4.27/FeaturePacks/TP_Puzzle.upack' (chunk index -1, root 'root:/') mounted
[2022.02.04-06.08.11:787][  0]LogShaderLibrary: Display: ShaderCodeLibraryPakFileMountedCallback: pending pak file info (ChunkID:-1 Root:root:/ File:C:/Program Files/Epic Games/UE_4.27/FeaturePacks/TP_Puzzle.upack)
[2022.02.04-06.08.11:787][  0]LogPakFile: OnPakFileMounted2Time == 0.000058
[2022.02.04-06.08.11:793][  0]LogPakFile: PakFile PrimaryIndexSize=184
[2022.02.04-06.08.11:793][  0]LogPakFile: PakFile PathHashIndexSize=101
[2022.02.04-06.08.11:793][  0]LogPakFile: PakFile FullDirectoryIndexSize=142
[2022.02.04-06.08.11:793][  0]LogShaderLibrary: Display: ShaderCodeLibraryPakFileMountedCallback: PakFile 'C:/Program Files/Epic Games/UE_4.27/FeaturePacks/TP_PuzzleBP.upack' (chunk index -1, root 'root:/') mounted
[2022.02.04-06.08.11:793][  0]LogShaderLibrary: Display: ShaderCodeLibraryPakFileMountedCallback: pending pak file info (ChunkID:-1 Root:root:/ File:C:/Program Files/Epic Games/UE_4.27/FeaturePacks/TP_PuzzleBP.upack)
[2022.02.04-06.08.11:793][  0]LogPakFile: OnPakFileMounted2Time == 0.000037
[2022.02.04-06.08.11:799][  0]LogPakFile: PakFile PrimaryIndexSize=183
[2022.02.04-06.08.11:799][  0]LogPakFile: PakFile PathHashIndexSize=101
[2022.02.04-06.08.11:799][  0]LogPakFile: PakFile FullDirectoryIndexSize=140
[2022.02.04-06.08.11:799][  0]LogShaderLibrary: Display: ShaderCodeLibraryPakFileMountedCallback: PakFile 'C:/Program Files/Epic Games/UE_4.27/FeaturePacks/TP_Rolling.upack' (chunk index -1, root 'root:/') mounted
[2022.02.04-06.08.11:799][  0]LogShaderLibrary: Display: ShaderCodeLibraryPakFileMountedCallback: pending pak file info (ChunkID:-1 Root:root:/ File:C:/Program Files/Epic Games/UE_4.27/FeaturePacks/TP_Rolling.upack)
[2022.02.04-06.08.11:799][  0]LogPakFile: OnPakFileMounted2Time == 0.000067
[2022.02.04-06.08.11:805][  0]LogPakFile: PakFile PrimaryIndexSize=185
[2022.02.04-06.08.11:805][  0]LogPakFile: PakFile PathHashIndexSize=101
[2022.02.04-06.08.11:805][  0]LogPakFile: PakFile FullDirectoryIndexSize=144
[2022.02.04-06.08.11:805][  0]LogShaderLibrary: Display: ShaderCodeLibraryPakFileMountedCallback: PakFile 'C:/Program Files/Epic Games/UE_4.27/FeaturePacks/TP_RollingBP.upack' (chunk index -1, root 'root:/') mounted
[2022.02.04-06.08.11:805][  0]LogShaderLibrary: Display: ShaderCodeLibraryPakFileMountedCallback: pending pak file info (ChunkID:-1 Root:root:/ File:C:/Program Files/Epic Games/UE_4.27/FeaturePacks/TP_RollingBP.upack)
[2022.02.04-06.08.11:805][  0]LogPakFile: OnPakFileMounted2Time == 0.000055
[2022.02.04-06.08.11:811][  0]LogPakFile: PakFile PrimaryIndexSize=188
[2022.02.04-06.08.11:811][  0]LogPakFile: PakFile PathHashIndexSize=101
[2022.02.04-06.08.11:811][  0]LogPakFile: PakFile FullDirectoryIndexSize=150
[2022.02.04-06.08.11:811][  0]LogShaderLibrary: Display: ShaderCodeLibraryPakFileMountedCallback: PakFile 'C:/Program Files/Epic Games/UE_4.27/FeaturePacks/TP_SideScroller.upack' (chunk index -1, root 'root:/') mounted
[2022.02.04-06.08.11:811][  0]LogShaderLibrary: Display: ShaderCodeLibraryPakFileMountedCallback: pending pak file info (ChunkID:-1 Root:root:/ File:C:/Program Files/Epic Games/UE_4.27/FeaturePacks/TP_SideScroller.upack)
[2022.02.04-06.08.11:811][  0]LogPakFile: OnPakFileMounted2Time == 0.000035
[2022.02.04-06.08.11:818][  0]LogPakFile: PakFile PrimaryIndexSize=190
[2022.02.04-06.08.11:818][  0]LogPakFile: PakFile PathHashIndexSize=101
[2022.02.04-06.08.11:818][  0]LogPakFile: PakFile FullDirectoryIndexSize=154
[2022.02.04-06.08.11:818][  0]LogShaderLibrary: Display: ShaderCodeLibraryPakFileMountedCallback: PakFile 'C:/Program Files/Epic Games/UE_4.27/FeaturePacks/TP_SideScrollerBP.upack' (chunk index -1, root 'root:/') mounted
[2022.02.04-06.08.11:818][  0]LogShaderLibrary: Display: ShaderCodeLibraryPakFileMountedCallback: pending pak file info (ChunkID:-1 Root:root:/ File:C:/Program Files/Epic Games/UE_4.27/FeaturePacks/TP_SideScrollerBP.upack)
[2022.02.04-06.08.11:818][  0]LogPakFile: OnPakFileMounted2Time == 0.000043
[2022.02.04-06.08.11:826][  0]LogPakFile: PakFile PrimaryIndexSize=187
[2022.02.04-06.08.11:826][  0]LogPakFile: PakFile PathHashIndexSize=101
[2022.02.04-06.08.11:826][  0]LogPakFile: PakFile FullDirectoryIndexSize=148
[2022.02.04-06.08.11:827][  0]LogShaderLibrary: Display: ShaderCodeLibraryPakFileMountedCallback: PakFile 'C:/Program Files/Epic Games/UE_4.27/FeaturePacks/TP_ThirdPerson.upack' (chunk index -1, root 'root:/') mounted
[2022.02.04-06.08.11:827][  0]LogShaderLibrary: Display: ShaderCodeLibraryPakFileMountedCallback: pending pak file info (ChunkID:-1 Root:root:/ File:C:/Program Files/Epic Games/UE_4.27/FeaturePacks/TP_ThirdPerson.upack)
[2022.02.04-06.08.11:827][  0]LogPakFile: OnPakFileMounted2Time == 0.000052
[2022.02.04-06.08.11:833][  0]LogPakFile: PakFile PrimaryIndexSize=189
[2022.02.04-06.08.11:833][  0]LogPakFile: PakFile PathHashIndexSize=101
[2022.02.04-06.08.11:833][  0]LogPakFile: PakFile FullDirectoryIndexSize=152
[2022.02.04-06.08.11:833][  0]LogShaderLibrary: Display: ShaderCodeLibraryPakFileMountedCallback: PakFile 'C:/Program Files/Epic Games/UE_4.27/FeaturePacks/TP_ThirdPersonBP.upack' (chunk index -1, root 'root:/') mounted
[2022.02.04-06.08.11:833][  0]LogShaderLibrary: Display: ShaderCodeLibraryPakFileMountedCallback: pending pak file info (ChunkID:-1 Root:root:/ File:C:/Program Files/Epic Games/UE_4.27/FeaturePacks/TP_ThirdPersonBP.upack)
[2022.02.04-06.08.11:833][  0]LogPakFile: OnPakFileMounted2Time == 0.000067
[2022.02.04-06.08.11:839][  0]LogPakFile: PakFile PrimaryIndexSize=183
[2022.02.04-06.08.11:839][  0]LogPakFile: PakFile PathHashIndexSize=101
[2022.02.04-06.08.11:839][  0]LogPakFile: PakFile FullDirectoryIndexSize=140
[2022.02.04-06.08.11:839][  0]LogShaderLibrary: Display: ShaderCodeLibraryPakFileMountedCallback: PakFile 'C:/Program Files/Epic Games/UE_4.27/FeaturePacks/TP_TopDown.upack' (chunk index -1, root 'root:/') mounted
[2022.02.04-06.08.11:839][  0]LogShaderLibrary: Display: ShaderCodeLibraryPakFileMountedCallback: pending pak file info (ChunkID:-1 Root:root:/ File:C:/Program Files/Epic Games/UE_4.27/FeaturePacks/TP_TopDown.upack)
[2022.02.04-06.08.11:839][  0]LogPakFile: OnPakFileMounted2Time == 0.000066
[2022.02.04-06.08.11:846][  0]LogPakFile: PakFile PrimaryIndexSize=185
[2022.02.04-06.08.11:846][  0]LogPakFile: PakFile PathHashIndexSize=101
[2022.02.04-06.08.11:846][  0]LogPakFile: PakFile FullDirectoryIndexSize=144
[2022.02.04-06.08.11:846][  0]LogShaderLibrary: Display: ShaderCodeLibraryPakFileMountedCallback: PakFile 'C:/Program Files/Epic Games/UE_4.27/FeaturePacks/TP_TopDownBP.upack' (chunk index -1, root 'root:/') mounted
[2022.02.04-06.08.11:846][  0]LogShaderLibrary: Display: ShaderCodeLibraryPakFileMountedCallback: pending pak file info (ChunkID:-1 Root:root:/ File:C:/Program Files/Epic Games/UE_4.27/FeaturePacks/TP_TopDownBP.upack)
[2022.02.04-06.08.11:846][  0]LogPakFile: OnPakFileMounted2Time == 0.000055
[2022.02.04-06.08.11:856][  0]LogPakFile: PakFile PrimaryIndexSize=185
[2022.02.04-06.08.11:856][  0]LogPakFile: PakFile PathHashIndexSize=101
[2022.02.04-06.08.11:856][  0]LogPakFile: PakFile FullDirectoryIndexSize=144
[2022.02.04-06.08.11:856][  0]LogShaderLibrary: Display: ShaderCodeLibraryPakFileMountedCallback: PakFile 'C:/Program Files/Epic Games/UE_4.27/FeaturePacks/TP_TwinStick.upack' (chunk index -1, root 'root:/') mounted
[2022.02.04-06.08.11:856][  0]LogShaderLibrary: Display: ShaderCodeLibraryPakFileMountedCallback: pending pak file info (ChunkID:-1 Root:root:/ File:C:/Program Files/Epic Games/UE_4.27/FeaturePacks/TP_TwinStick.upack)
[2022.02.04-06.08.11:856][  0]LogPakFile: OnPakFileMounted2Time == 0.000052
[2022.02.04-06.08.11:862][  0]LogPakFile: PakFile PrimaryIndexSize=187
[2022.02.04-06.08.11:862][  0]LogPakFile: PakFile PathHashIndexSize=101
[2022.02.04-06.08.11:862][  0]LogPakFile: PakFile FullDirectoryIndexSize=148
[2022.02.04-06.08.11:862][  0]LogShaderLibrary: Display: ShaderCodeLibraryPakFileMountedCallback: PakFile 'C:/Program Files/Epic Games/UE_4.27/FeaturePacks/TP_TwinStickBP.upack' (chunk index -1, root 'root:/') mounted
[2022.02.04-06.08.11:862][  0]LogShaderLibrary: Display: ShaderCodeLibraryPakFileMountedCallback: pending pak file info (ChunkID:-1 Root:root:/ File:C:/Program Files/Epic Games/UE_4.27/FeaturePacks/TP_TwinStickBP.upack)
[2022.02.04-06.08.11:862][  0]LogPakFile: OnPakFileMounted2Time == 0.000055
[2022.02.04-06.08.11:868][  0]LogPakFile: PakFile PrimaryIndexSize=183
[2022.02.04-06.08.11:868][  0]LogPakFile: PakFile PathHashIndexSize=101
[2022.02.04-06.08.11:868][  0]LogPakFile: PakFile FullDirectoryIndexSize=140
[2022.02.04-06.08.11:868][  0]LogShaderLibrary: Display: ShaderCodeLibraryPakFileMountedCallback: PakFile 'C:/Program Files/Epic Games/UE_4.27/FeaturePacks/TP_Vehicle.upack' (chunk index -1, root 'root:/') mounted
[2022.02.04-06.08.11:868][  0]LogShaderLibrary: Display: ShaderCodeLibraryPakFileMountedCallback: pending pak file info (ChunkID:-1 Root:root:/ File:C:/Program Files/Epic Games/UE_4.27/FeaturePacks/TP_Vehicle.upack)
[2022.02.04-06.08.11:868][  0]LogPakFile: OnPakFileMounted2Time == 0.000053
[2022.02.04-06.08.11:875][  0]LogPakFile: PakFile PrimaryIndexSize=186
[2022.02.04-06.08.11:875][  0]LogPakFile: PakFile PathHashIndexSize=101
[2022.02.04-06.08.11:875][  0]LogPakFile: PakFile FullDirectoryIndexSize=146
[2022.02.04-06.08.11:875][  0]LogShaderLibrary: Display: ShaderCodeLibraryPakFileMountedCallback: PakFile 'C:/Program Files/Epic Games/UE_4.27/FeaturePacks/TP_VehicleAdv.upack' (chunk index -1, root 'root:/') mounted
[2022.02.04-06.08.11:875][  0]LogShaderLibrary: Display: ShaderCodeLibraryPakFileMountedCallback: pending pak file info (ChunkID:-1 Root:root:/ File:C:/Program Files/Epic Games/UE_4.27/FeaturePacks/TP_VehicleAdv.upack)
[2022.02.04-06.08.11:875][  0]LogPakFile: OnPakFileMounted2Time == 0.000050
[2022.02.04-06.08.11:882][  0]LogPakFile: PakFile PrimaryIndexSize=188
[2022.02.04-06.08.11:882][  0]LogPakFile: PakFile PathHashIndexSize=101
[2022.02.04-06.08.11:882][  0]LogPakFile: PakFile FullDirectoryIndexSize=150
[2022.02.04-06.08.11:882][  0]LogShaderLibrary: Display: ShaderCodeLibraryPakFileMountedCallback: PakFile 'C:/Program Files/Epic Games/UE_4.27/FeaturePacks/TP_VehicleAdvBP.upack' (chunk index -1, root 'root:/') mounted
[2022.02.04-06.08.11:882][  0]LogShaderLibrary: Display: ShaderCodeLibraryPakFileMountedCallback: pending pak file info (ChunkID:-1 Root:root:/ File:C:/Program Files/Epic Games/UE_4.27/FeaturePacks/TP_VehicleAdvBP.upack)
[2022.02.04-06.08.11:882][  0]LogPakFile: OnPakFileMounted2Time == 0.000056
[2022.02.04-06.08.11:888][  0]LogPakFile: PakFile PrimaryIndexSize=185
[2022.02.04-06.08.11:888][  0]LogPakFile: PakFile PathHashIndexSize=101
[2022.02.04-06.08.11:888][  0]LogPakFile: PakFile FullDirectoryIndexSize=144
[2022.02.04-06.08.11:888][  0]LogShaderLibrary: Display: ShaderCodeLibraryPakFileMountedCallback: PakFile 'C:/Program Files/Epic Games/UE_4.27/FeaturePacks/TP_VehicleBP.upack' (chunk index -1, root 'root:/') mounted
[2022.02.04-06.08.11:888][  0]LogShaderLibrary: Display: ShaderCodeLibraryPakFileMountedCallback: pending pak file info (ChunkID:-1 Root:root:/ File:C:/Program Files/Epic Games/UE_4.27/FeaturePacks/TP_VehicleBP.upack)
[2022.02.04-06.08.11:888][  0]LogPakFile: OnPakFileMounted2Time == 0.000048
[2022.02.04-06.08.11:894][  0]LogPakFile: PakFile PrimaryIndexSize=192
[2022.02.04-06.08.11:894][  0]LogPakFile: PakFile PathHashIndexSize=101
[2022.02.04-06.08.11:894][  0]LogPakFile: PakFile FullDirectoryIndexSize=158
[2022.02.04-06.08.11:894][  0]LogShaderLibrary: Display: ShaderCodeLibraryPakFileMountedCallback: PakFile 'C:/Program Files/Epic Games/UE_4.27/FeaturePacks/TP_VirtualRealityBP.upack' (chunk index -1, root 'root:/') mounted
[2022.02.04-06.08.11:894][  0]LogShaderLibrary: Display: ShaderCodeLibraryPakFileMountedCallback: pending pak file info (ChunkID:-1 Root:root:/ File:C:/Program Files/Epic Games/UE_4.27/FeaturePacks/TP_VirtualRealityBP.upack)
[2022.02.04-06.08.11:894][  0]LogPakFile: OnPakFileMounted2Time == 0.000038
[2022.02.04-06.08.12:456][  0]LogNativeClassHierarchy: Verbose: Native class hierarchy updated for 'AddContentDialog' in 0.0015 seconds. Added 0 classes and 0 folders.
[2022.02.04-06.08.12:463][  0]LogNativeClassHierarchy: Verbose: Native class hierarchy updated for 'SceneOutliner' in 0.0009 seconds. Added 2 classes and 0 folders.
[2022.02.04-06.08.12:643][  0]LogSlate: Took 0.017727 seconds to synchronously load lazily loaded font '../../../Engine/Content/Editor/Slate/Fonts/FontAwesome.ttf' (139K)
[2022.02.04-06.08.12:666][  0]LogSlate: Took 0.019968 seconds to synchronously load lazily loaded font '../../../Engine/Content/Slate/Fonts/Roboto-Bold.ttf' (160K)
[2022.02.04-06.08.12:948][  0]LogRenderer: Reallocating scene render targets to support 1080x620 Format 10 NumSamples 1 (Frame:1).
[2022.02.04-06.08.13:005][  0]LogSlate: Took 0.012134 seconds to synchronously load lazily loaded font '../../../Engine/Content/Slate/Fonts/Roboto-Light.ttf' (167K)
[2022.02.04-06.08.13:221][  0]LogNativeClassHierarchy: Verbose: Native class hierarchy updated for 'HierarchicalLODOutliner' in 0.0011 seconds. Added 0 classes and 0 folders.
[2022.02.04-06.08.13:222][  0]LogLoad: (Engine Initialization) Total time: 20.49 seconds
[2022.02.04-06.08.13:222][  0]LogLoad: (Engine Initialization) Total Blueprint compile time: 0.00 seconds
[2022.02.04-06.08.13:309][  0]LogContentStreaming: Texture pool size now 1000 MB
[2022.02.04-06.08.13:651][  1]LogAssetRegistry: Asset discovery search completed in 13.2988 seconds
[2022.02.04-06.08.13:733][  1]LogCollectionManager: Fixed up redirectors for 0 collections in 0.000015 seconds (updated 0 objects)
[2022.02.04-06.09.31:859][714]LogEditorClassViewer: Warning: Class /Engine/Tutorial/InWorldBlueprintEditing/TutorialAssets/IWBE_Blutility.IWBE_Blutility_C has parent /Script/Blutility.PlacedEditorUtilityBase, but this parent is not found. The Class will not be shown in ClassViewer.
[2022.02.04-06.09.33:306][714]LogSlate: Window 'Pick Parent Class' being destroyed
[2022.02.04-06.09.33:321][714]LogContentBrowser: Deferred new asset file creation: NewBlueprint
[2022.02.04-06.09.33:330][714]LogContentBrowser: Creating deferred item: NewBlueprint
[2022.02.04-06.09.35:185][826]LogContentBrowser: Attempting asset rename: NewBlueprint -> NewBlueprint
[2022.02.04-06.09.35:244][826]LogContentBrowser: End creating deferred item NewBlueprint
[2022.02.04-06.10.04:210][219]LogUObjectHash: Compacting FUObjectHashTables data took   0.59ms
[2022.02.04-06.10.04:284][219]LogSavePackage: Moving '../../../../../../Users/rober/Documents/GitHub/MT_RythmGame/Saved/NewBlueprintC24A7BD14AF4E675FF56D4B616558AC2.tmp' to '../../../../../../Users/rober/Documents/GitHub/MT_RythmGame/Content/Blueprints/Music/Beginner1/NewBlueprint.uasset'
[2022.02.04-06.10.04:388][219]AssetCheck: New page: Asset Save: NewBlueprint
[2022.02.04-06.10.04:388][219]LogContentValidation: Display: Validating Blueprint /Game/Blueprints/Music/Beginner1/NewBlueprint.NewBlueprint
